## commons-crypto: 7cefbf2a69ec133aa327f93d40dc307ee80df8b5 ##
--- org.apache.commons.crypto.cipher.OpensslCipherTest::testInvalidIV
java.lang.Exception: Unexpected exception, expected<java.security.InvalidAlgorithmParameterException> but was<java.lang.UnsatisfiedLinkError>
	at org.junit.internal.runners.statements.ExpectException.evaluate(ExpectException.java:28)
	at org.junit.internal.runners.statements.FailOnTimeout$StatementThread.run(FailOnTimeout.java:74)
Caused by: java.lang.UnsatisfiedLinkError: org.apache.commons.crypto.cipher.OpensslNative.initContext(II)J
	at org.apache.commons.crypto.cipher.OpensslNative.initContext(Native Method)
	at org.apache.commons.crypto.cipher.Openssl.getInstance(Openssl.java:128)
	at org.apache.commons.crypto.cipher.OpensslCipherTest.testInvalidIV(OpensslCipherTest.java:151)
	at sun.reflect.NativeMethodAccessorImpl.invoke0(Native Method)
	at sun.reflect.NativeMethodAccessorImpl.invoke(NativeMethodAccessorImpl.java:62)
	at sun.reflect.DelegatingMethodAccessorImpl.invoke(DelegatingMethodAccessorImpl.java:43)
	at java.lang.reflect.Method.invoke(Method.java:498)
	at org.junit.runners.model.FrameworkMethod$1.runReflectiveCall(FrameworkMethod.java:47)
	at org.junit.internal.runners.model.ReflectiveCallable.run(ReflectiveCallable.java:12)
	at org.junit.runners.model.FrameworkMethod.invokeExplosively(FrameworkMethod.java:44)
	at org.junit.internal.runners.statements.InvokeMethod.evaluate(InvokeMethod.java:17)
	at org.junit.internal.runners.statements.ExpectException.evaluate(ExpectException.java:19)
	... 1 more
--- org.apache.commons.crypto.cipher.OpensslCipherTest::testUpdateArguments
java.lang.UnsatisfiedLinkError: org.apache.commons.crypto.cipher.OpensslNative.initContext(II)J
	at org.apache.commons.crypto.cipher.OpensslNative.initContext(Native Method)
	at org.apache.commons.crypto.cipher.Openssl.getInstance(Openssl.java:128)
	at org.apache.commons.crypto.cipher.OpensslCipherTest.testUpdateArguments(OpensslCipherTest.java:84)
	at sun.reflect.NativeMethodAccessorImpl.invoke0(Native Method)
	at sun.reflect.NativeMethodAccessorImpl.invoke(NativeMethodAccessorImpl.java:62)
	at sun.reflect.DelegatingMethodAccessorImpl.invoke(DelegatingMethodAccessorImpl.java:43)
	at java.lang.reflect.Method.invoke(Method.java:498)
	at org.junit.runners.model.FrameworkMethod$1.runReflectiveCall(FrameworkMethod.java:47)
	at org.junit.internal.runners.model.ReflectiveCallable.run(ReflectiveCallable.java:12)
	at org.junit.runners.model.FrameworkMethod.invokeExplosively(FrameworkMethod.java:44)
	at org.junit.internal.runners.statements.InvokeMethod.evaluate(InvokeMethod.java:17)
	at org.junit.internal.runners.statements.FailOnTimeout$StatementThread.run(FailOnTimeout.java:74)
--- org.apache.commons.crypto.cipher.OpensslCipherTest::testDoFinalArguments
java.lang.UnsatisfiedLinkError: org.apache.commons.crypto.cipher.OpensslNative.initContext(II)J
	at org.apache.commons.crypto.cipher.OpensslNative.initContext(Native Method)
	at org.apache.commons.crypto.cipher.Openssl.getInstance(Openssl.java:128)
	at org.apache.commons.crypto.cipher.OpensslCipherTest.testDoFinalArguments(OpensslCipherTest.java:115)
	at sun.reflect.NativeMethodAccessorImpl.invoke0(Native Method)
	at sun.reflect.NativeMethodAccessorImpl.invoke(NativeMethodAccessorImpl.java:62)
	at sun.reflect.DelegatingMethodAccessorImpl.invoke(DelegatingMethodAccessorImpl.java:43)
	at java.lang.reflect.Method.invoke(Method.java:498)
	at org.junit.runners.model.FrameworkMethod$1.runReflectiveCall(FrameworkMethod.java:47)
	at org.junit.internal.runners.model.ReflectiveCallable.run(ReflectiveCallable.java:12)
	at org.junit.runners.model.FrameworkMethod.invokeExplosively(FrameworkMethod.java:44)
	at org.junit.internal.runners.statements.InvokeMethod.evaluate(InvokeMethod.java:17)
	at org.junit.internal.runners.statements.FailOnTimeout$StatementThread.run(FailOnTimeout.java:74)
--- org.apache.commons.crypto.cipher.OpensslCipherTest::testInvalidKey
java.lang.Exception: Unexpected exception, expected<java.security.InvalidKeyException> but was<java.lang.UnsatisfiedLinkError>
	at org.junit.internal.runners.statements.ExpectException.evaluate(ExpectException.java:28)
	at org.junit.internal.runners.statements.FailOnTimeout$StatementThread.run(FailOnTimeout.java:74)
Caused by: java.lang.UnsatisfiedLinkError: org.apache.commons.crypto.cipher.OpensslNative.initContext(II)J
	at org.apache.commons.crypto.cipher.OpensslNative.initContext(Native Method)
	at org.apache.commons.crypto.cipher.Openssl.getInstance(Openssl.java:128)
	at org.apache.commons.crypto.cipher.OpensslCipherTest.testInvalidKey(OpensslCipherTest.java:134)
	at sun.reflect.NativeMethodAccessorImpl.invoke0(Native Method)
	at sun.reflect.NativeMethodAccessorImpl.invoke(NativeMethodAccessorImpl.java:62)
	at sun.reflect.DelegatingMethodAccessorImpl.invoke(DelegatingMethodAccessorImpl.java:43)
	at java.lang.reflect.Method.invoke(Method.java:498)
	at org.junit.runners.model.FrameworkMethod$1.runReflectiveCall(FrameworkMethod.java:47)
	at org.junit.internal.runners.model.ReflectiveCallable.run(ReflectiveCallable.java:12)
	at org.junit.runners.model.FrameworkMethod.invokeExplosively(FrameworkMethod.java:44)
	at org.junit.internal.runners.statements.InvokeMethod.evaluate(InvokeMethod.java:17)
	at org.junit.internal.runners.statements.ExpectException.evaluate(ExpectException.java:19)
	... 1 more
--- org.apache.commons.crypto.cipher.OpensslCipherTest::cryptoTest
java.lang.RuntimeException: java.lang.reflect.InvocationTargetException
	at org.apache.commons.crypto.utils.ReflectionUtils.newInstance(ReflectionUtils.java:84)
	at org.apache.commons.crypto.cipher.AbstractCipherTest.getCipher(AbstractCipherTest.java:234)
	at org.apache.commons.crypto.cipher.AbstractCipherTest.byteBufferTest(AbstractCipherTest.java:99)
	at org.apache.commons.crypto.cipher.AbstractCipherTest.cryptoTest(AbstractCipherTest.java:82)
	at sun.reflect.NativeMethodAccessorImpl.invoke0(Native Method)
	at sun.reflect.NativeMethodAccessorImpl.invoke(NativeMethodAccessorImpl.java:62)
	at sun.reflect.DelegatingMethodAccessorImpl.invoke(DelegatingMethodAccessorImpl.java:43)
	at java.lang.reflect.Method.invoke(Method.java:498)
	at org.junit.runners.model.FrameworkMethod$1.runReflectiveCall(FrameworkMethod.java:47)
	at org.junit.internal.runners.model.ReflectiveCallable.run(ReflectiveCallable.java:12)
	at org.junit.runners.model.FrameworkMethod.invokeExplosively(FrameworkMethod.java:44)
	at org.junit.internal.runners.statements.InvokeMethod.evaluate(InvokeMethod.java:17)
	at org.junit.internal.runners.statements.RunBefores.evaluate(RunBefores.java:26)
	at org.junit.runners.ParentRunner.runLeaf(ParentRunner.java:271)
	at org.junit.runners.BlockJUnit4ClassRunner.runChild(BlockJUnit4ClassRunner.java:70)
	at org.junit.runners.BlockJUnit4ClassRunner.runChild(BlockJUnit4ClassRunner.java:50)
	at org.junit.runners.ParentRunner$3.run(ParentRunner.java:238)
	at org.junit.runners.ParentRunner$1.schedule(ParentRunner.java:63)
	at org.junit.runners.ParentRunner.runChildren(ParentRunner.java:236)
	at org.junit.runners.ParentRunner.access$000(ParentRunner.java:53)
	at org.junit.runners.ParentRunner$2.evaluate(ParentRunner.java:229)
	at org.junit.runners.ParentRunner.run(ParentRunner.java:309)
	at junit.framework.JUnit4TestAdapter.run(JUnit4TestAdapter.java:38)
	at org.apache.tools.ant.taskdefs.optional.junit.JUnitTestRunner.run(JUnitTestRunner.java:520)
	at org.apache.tools.ant.taskdefs.optional.junit.JUnitTask.executeInVM(JUnitTask.java:1484)
	at org.apache.tools.ant.taskdefs.optional.junit.JUnitTask.execute(JUnitTask.java:872)
	at org.apache.tools.ant.taskdefs.optional.junit.JUnitTask.executeOrQueue(JUnitTask.java:1972)
	at org.apache.tools.ant.taskdefs.optional.junit.JUnitTask.execute1(JUnitTask.java:824)
	at org.apache.tools.ant.taskdefs.optional.junit.JUnitTask.execute(JUnitTask.java:2277)
	at org.apache.tools.ant.UnknownElement.execute(UnknownElement.java:291)
	at sun.reflect.GeneratedMethodAccessor4.invoke(Unknown Source)
	at sun.reflect.DelegatingMethodAccessorImpl.invoke(DelegatingMethodAccessorImpl.java:43)
	at java.lang.reflect.Method.invoke(Method.java:498)
	at org.apache.tools.ant.dispatch.DispatchUtils.execute(DispatchUtils.java:106)
	at org.apache.tools.ant.Task.perform(Task.java:348)
	at org.apache.tools.ant.Target.execute(Target.java:392)
	at org.apache.tools.ant.Target.performTasks(Target.java:413)
	at org.apache.tools.ant.Project.executeSortedTargets(Project.java:1399)
	at org.apache.tools.ant.Project.executeTarget(Project.java:1368)
	at org.apache.tools.ant.helper.DefaultExecutor.executeTargets(DefaultExecutor.java:41)
	at org.apache.tools.ant.Project.executeTargets(Project.java:1251)
	at org.apache.tools.ant.Main.runBuild(Main.java:811)
	at org.apache.tools.ant.Main.startAnt(Main.java:217)
	at org.apache.tools.ant.launch.Launcher.run(Launcher.java:280)
	at org.apache.tools.ant.launch.Launcher.main(Launcher.java:109)
Caused by: java.lang.reflect.InvocationTargetException
	at sun.reflect.NativeConstructorAccessorImpl.newInstance0(Native Method)
	at sun.reflect.NativeConstructorAccessorImpl.newInstance(NativeConstructorAccessorImpl.java:62)
	at sun.reflect.DelegatingConstructorAccessorImpl.newInstance(DelegatingConstructorAccessorImpl.java:45)
	at java.lang.reflect.Constructor.newInstance(Constructor.java:423)
	at org.apache.commons.crypto.utils.ReflectionUtils.newInstance(ReflectionUtils.java:82)
	... 44 more
Caused by: java.lang.UnsatisfiedLinkError: org.apache.commons.crypto.cipher.OpensslNative.initContext(II)J
	at org.apache.commons.crypto.cipher.OpensslNative.initContext(Native Method)
	at org.apache.commons.crypto.cipher.Openssl.getInstance(Openssl.java:128)
	at org.apache.commons.crypto.cipher.OpensslCipher.<init>(OpensslCipher.java:56)
	... 49 more
--- org.apache.commons.crypto.cipher.TestData
java.lang.Exception: No runnable methods
	at org.junit.runners.BlockJUnit4ClassRunner.validateInstanceMethods(BlockJUnit4ClassRunner.java:169)
	at org.junit.runners.BlockJUnit4ClassRunner.collectInitializationErrors(BlockJUnit4ClassRunner.java:104)
	at org.junit.runners.ParentRunner.validate(ParentRunner.java:355)
	at org.junit.runners.ParentRunner.<init>(ParentRunner.java:76)
	at org.junit.runners.BlockJUnit4ClassRunner.<init>(BlockJUnit4ClassRunner.java:57)
	at org.junit.internal.builders.JUnit4Builder.runnerForClass(JUnit4Builder.java:10)
	at org.junit.runners.model.RunnerBuilder.safeRunnerForClass(RunnerBuilder.java:59)
	at org.junit.internal.builders.AllDefaultPossibilitiesBuilder.runnerForClass(AllDefaultPossibilitiesBuilder.java:26)
	at org.junit.runners.model.RunnerBuilder.safeRunnerForClass(RunnerBuilder.java:59)
	at org.junit.internal.requests.ClassRequest.getRunner(ClassRequest.java:26)
	at junit.framework.JUnit4TestAdapter.<init>(JUnit4TestAdapter.java:30)
	at junit.framework.JUnit4TestAdapter.<init>(JUnit4TestAdapter.java:24)
	at sun.reflect.NativeConstructorAccessorImpl.newInstance0(Native Method)
	at sun.reflect.NativeConstructorAccessorImpl.newInstance(NativeConstructorAccessorImpl.java:62)
	at sun.reflect.DelegatingConstructorAccessorImpl.newInstance(DelegatingConstructorAccessorImpl.java:45)
	at java.lang.reflect.Constructor.newInstance(Constructor.java:423)
	at org.apache.tools.ant.taskdefs.optional.junit.JUnitTestRunner.run(JUnitTestRunner.java:474)
	at org.apache.tools.ant.taskdefs.optional.junit.JUnitTask.executeInVM(JUnitTask.java:1484)
	at org.apache.tools.ant.taskdefs.optional.junit.JUnitTask.execute(JUnitTask.java:872)
	at org.apache.tools.ant.taskdefs.optional.junit.JUnitTask.executeOrQueue(JUnitTask.java:1972)
	at org.apache.tools.ant.taskdefs.optional.junit.JUnitTask.execute1(JUnitTask.java:824)
	at org.apache.tools.ant.taskdefs.optional.junit.JUnitTask.execute(JUnitTask.java:2277)
	at org.apache.tools.ant.UnknownElement.execute(UnknownElement.java:291)
	at sun.reflect.GeneratedMethodAccessor4.invoke(Unknown Source)
	at sun.reflect.DelegatingMethodAccessorImpl.invoke(DelegatingMethodAccessorImpl.java:43)
	at java.lang.reflect.Method.invoke(Method.java:498)
	at org.apache.tools.ant.dispatch.DispatchUtils.execute(DispatchUtils.java:106)
	at org.apache.tools.ant.Task.perform(Task.java:348)
	at org.apache.tools.ant.Target.execute(Target.java:392)
	at org.apache.tools.ant.Target.performTasks(Target.java:413)
	at org.apache.tools.ant.Project.executeSortedTargets(Project.java:1399)
	at org.apache.tools.ant.Project.executeTarget(Project.java:1368)
	at org.apache.tools.ant.helper.DefaultExecutor.executeTargets(DefaultExecutor.java:41)
	at org.apache.tools.ant.Project.executeTargets(Project.java:1251)
	at org.apache.tools.ant.Main.runBuild(Main.java:811)
	at org.apache.tools.ant.Main.startAnt(Main.java:217)
	at org.apache.tools.ant.launch.Launcher.run(Launcher.java:280)
	at org.apache.tools.ant.launch.Launcher.main(Launcher.java:109)
--- org.apache.commons.crypto.stream.CBCNoPaddingCryptoStreamTest::testSkip
java.lang.RuntimeException: java.lang.reflect.InvocationTargetException
	at org.apache.commons.crypto.utils.ReflectionUtils.newInstance(ReflectionUtils.java:84)
	at org.apache.commons.crypto.stream.AbstractCryptoStreamTest.getCipher(AbstractCryptoStreamTest.java:301)
	at org.apache.commons.crypto.stream.AbstractCryptoStreamTest.doSkipTest(AbstractCryptoStreamTest.java:107)
	at org.apache.commons.crypto.stream.AbstractCryptoStreamTest.testSkip(AbstractCryptoStreamTest.java:79)
	at sun.reflect.NativeMethodAccessorImpl.invoke0(Native Method)
	at sun.reflect.NativeMethodAccessorImpl.invoke(NativeMethodAccessorImpl.java:62)
	at sun.reflect.DelegatingMethodAccessorImpl.invoke(DelegatingMethodAccessorImpl.java:43)
	at java.lang.reflect.Method.invoke(Method.java:498)
	at org.junit.runners.model.FrameworkMethod$1.runReflectiveCall(FrameworkMethod.java:47)
	at org.junit.internal.runners.model.ReflectiveCallable.run(ReflectiveCallable.java:12)
	at org.junit.runners.model.FrameworkMethod.invokeExplosively(FrameworkMethod.java:44)
	at org.junit.internal.runners.statements.InvokeMethod.evaluate(InvokeMethod.java:17)
	at org.junit.internal.runners.statements.FailOnTimeout$StatementThread.run(FailOnTimeout.java:74)
Caused by: java.lang.reflect.InvocationTargetException
	at sun.reflect.NativeConstructorAccessorImpl.newInstance0(Native Method)
	at sun.reflect.NativeConstructorAccessorImpl.newInstance(NativeConstructorAccessorImpl.java:62)
	at sun.reflect.DelegatingConstructorAccessorImpl.newInstance(DelegatingConstructorAccessorImpl.java:45)
	at java.lang.reflect.Constructor.newInstance(Constructor.java:423)
	at org.apache.commons.crypto.utils.ReflectionUtils.newInstance(ReflectionUtils.java:82)
	... 12 more
Caused by: java.lang.UnsatisfiedLinkError: org.apache.commons.crypto.cipher.OpensslNative.initContext(II)J
	at org.apache.commons.crypto.cipher.OpensslNative.initContext(Native Method)
	at org.apache.commons.crypto.cipher.Openssl.getInstance(Openssl.java:128)
	at org.apache.commons.crypto.cipher.OpensslCipher.<init>(OpensslCipher.java:56)
	... 17 more
--- org.apache.commons.crypto.stream.CBCNoPaddingCryptoStreamTest::testReadWrite
java.lang.RuntimeException: java.lang.reflect.InvocationTargetException
	at org.apache.commons.crypto.utils.ReflectionUtils.newInstance(ReflectionUtils.java:84)
	at org.apache.commons.crypto.stream.AbstractCryptoStreamTest.getCipher(AbstractCryptoStreamTest.java:301)
	at org.apache.commons.crypto.stream.AbstractCryptoStreamTest.doReadWriteTestForInputStream(AbstractCryptoStreamTest.java:336)
	at org.apache.commons.crypto.stream.AbstractCryptoStreamTest.doReadWriteTest(AbstractCryptoStreamTest.java:329)
	at org.apache.commons.crypto.stream.AbstractCryptoStreamTest.testReadWrite(AbstractCryptoStreamTest.java:312)
	at sun.reflect.NativeMethodAccessorImpl.invoke0(Native Method)
	at sun.reflect.NativeMethodAccessorImpl.invoke(NativeMethodAccessorImpl.java:62)
	at sun.reflect.DelegatingMethodAccessorImpl.invoke(DelegatingMethodAccessorImpl.java:43)
	at java.lang.reflect.Method.invoke(Method.java:498)
	at org.junit.runners.model.FrameworkMethod$1.runReflectiveCall(FrameworkMethod.java:47)
	at org.junit.internal.runners.model.ReflectiveCallable.run(ReflectiveCallable.java:12)
	at org.junit.runners.model.FrameworkMethod.invokeExplosively(FrameworkMethod.java:44)
	at org.junit.internal.runners.statements.InvokeMethod.evaluate(InvokeMethod.java:17)
	at org.junit.internal.runners.statements.RunBefores.evaluate(RunBefores.java:26)
	at org.junit.runners.ParentRunner.runLeaf(ParentRunner.java:271)
	at org.junit.runners.BlockJUnit4ClassRunner.runChild(BlockJUnit4ClassRunner.java:70)
	at org.junit.runners.BlockJUnit4ClassRunner.runChild(BlockJUnit4ClassRunner.java:50)
	at org.junit.runners.ParentRunner$3.run(ParentRunner.java:238)
	at org.junit.runners.ParentRunner$1.schedule(ParentRunner.java:63)
	at org.junit.runners.ParentRunner.runChildren(ParentRunner.java:236)
	at org.junit.runners.ParentRunner.access$000(ParentRunner.java:53)
	at org.junit.runners.ParentRunner$2.evaluate(ParentRunner.java:229)
	at org.junit.runners.ParentRunner.run(ParentRunner.java:309)
	at junit.framework.JUnit4TestAdapter.run(JUnit4TestAdapter.java:38)
	at org.apache.tools.ant.taskdefs.optional.junit.JUnitTestRunner.run(JUnitTestRunner.java:520)
	at org.apache.tools.ant.taskdefs.optional.junit.JUnitTask.executeInVM(JUnitTask.java:1484)
	at org.apache.tools.ant.taskdefs.optional.junit.JUnitTask.execute(JUnitTask.java:872)
	at org.apache.tools.ant.taskdefs.optional.junit.JUnitTask.executeOrQueue(JUnitTask.java:1972)
	at org.apache.tools.ant.taskdefs.optional.junit.JUnitTask.execute1(JUnitTask.java:824)
	at org.apache.tools.ant.taskdefs.optional.junit.JUnitTask.execute(JUnitTask.java:2277)
	at org.apache.tools.ant.UnknownElement.execute(UnknownElement.java:291)
	at sun.reflect.GeneratedMethodAccessor4.invoke(Unknown Source)
	at sun.reflect.DelegatingMethodAccessorImpl.invoke(DelegatingMethodAccessorImpl.java:43)
	at java.lang.reflect.Method.invoke(Method.java:498)
	at org.apache.tools.ant.dispatch.DispatchUtils.execute(DispatchUtils.java:106)
	at org.apache.tools.ant.Task.perform(Task.java:348)
	at org.apache.tools.ant.Target.execute(Target.java:392)
	at org.apache.tools.ant.Target.performTasks(Target.java:413)
	at org.apache.tools.ant.Project.executeSortedTargets(Project.java:1399)
	at org.apache.tools.ant.Project.executeTarget(Project.java:1368)
	at org.apache.tools.ant.helper.DefaultExecutor.executeTargets(DefaultExecutor.java:41)
	at org.apache.tools.ant.Project.executeTargets(Project.java:1251)
	at org.apache.tools.ant.Main.runBuild(Main.java:811)
	at org.apache.tools.ant.Main.startAnt(Main.java:217)
	at org.apache.tools.ant.launch.Launcher.run(Launcher.java:280)
	at org.apache.tools.ant.launch.Launcher.main(Launcher.java:109)
Caused by: java.lang.reflect.InvocationTargetException
	at sun.reflect.NativeConstructorAccessorImpl.newInstance0(Native Method)
	at sun.reflect.NativeConstructorAccessorImpl.newInstance(NativeConstructorAccessorImpl.java:62)
	at sun.reflect.DelegatingConstructorAccessorImpl.newInstance(DelegatingConstructorAccessorImpl.java:45)
	at java.lang.reflect.Constructor.newInstance(Constructor.java:423)
	at org.apache.commons.crypto.utils.ReflectionUtils.newInstance(ReflectionUtils.java:82)
	... 45 more
Caused by: java.lang.UnsatisfiedLinkError: org.apache.commons.crypto.cipher.OpensslNative.initContext(II)J
	at org.apache.commons.crypto.cipher.OpensslNative.initContext(Native Method)
	at org.apache.commons.crypto.cipher.Openssl.getInstance(Openssl.java:128)
	at org.apache.commons.crypto.cipher.OpensslCipher.<init>(OpensslCipher.java:56)
	... 50 more
--- org.apache.commons.crypto.stream.CBCNoPaddingCryptoStreamTest::testByteBufferRead
java.lang.RuntimeException: java.lang.reflect.InvocationTargetException
	at org.apache.commons.crypto.utils.ReflectionUtils.newInstance(ReflectionUtils.java:84)
	at org.apache.commons.crypto.stream.AbstractCryptoStreamTest.getCipher(AbstractCryptoStreamTest.java:301)
	at org.apache.commons.crypto.stream.AbstractCryptoStreamTest.doByteBufferRead(AbstractCryptoStreamTest.java:138)
	at org.apache.commons.crypto.stream.AbstractCryptoStreamTest.testByteBufferRead(AbstractCryptoStreamTest.java:89)
	at sun.reflect.NativeMethodAccessorImpl.invoke0(Native Method)
	at sun.reflect.NativeMethodAccessorImpl.invoke(NativeMethodAccessorImpl.java:62)
	at sun.reflect.DelegatingMethodAccessorImpl.invoke(DelegatingMethodAccessorImpl.java:43)
	at java.lang.reflect.Method.invoke(Method.java:498)
	at org.junit.runners.model.FrameworkMethod$1.runReflectiveCall(FrameworkMethod.java:47)
	at org.junit.internal.runners.model.ReflectiveCallable.run(ReflectiveCallable.java:12)
	at org.junit.runners.model.FrameworkMethod.invokeExplosively(FrameworkMethod.java:44)
	at org.junit.internal.runners.statements.InvokeMethod.evaluate(InvokeMethod.java:17)
	at org.junit.internal.runners.statements.FailOnTimeout$StatementThread.run(FailOnTimeout.java:74)
Caused by: java.lang.reflect.InvocationTargetException
	at sun.reflect.NativeConstructorAccessorImpl.newInstance0(Native Method)
	at sun.reflect.NativeConstructorAccessorImpl.newInstance(NativeConstructorAccessorImpl.java:62)
	at sun.reflect.DelegatingConstructorAccessorImpl.newInstance(DelegatingConstructorAccessorImpl.java:45)
	at java.lang.reflect.Constructor.newInstance(Constructor.java:423)
	at org.apache.commons.crypto.utils.ReflectionUtils.newInstance(ReflectionUtils.java:82)
	... 12 more
Caused by: java.lang.UnsatisfiedLinkError: org.apache.commons.crypto.cipher.OpensslNative.initContext(II)J
	at org.apache.commons.crypto.cipher.OpensslNative.initContext(Native Method)
	at org.apache.commons.crypto.cipher.Openssl.getInstance(Openssl.java:128)
	at org.apache.commons.crypto.cipher.OpensslCipher.<init>(OpensslCipher.java:56)
	... 17 more
--- org.apache.commons.crypto.stream.CBCNoPaddingCryptoStreamTest::testByteBufferWrite
java.lang.RuntimeException: java.lang.reflect.InvocationTargetException
	at org.apache.commons.crypto.utils.ReflectionUtils.newInstance(ReflectionUtils.java:84)
	at org.apache.commons.crypto.stream.AbstractCryptoStreamTest.getCipher(AbstractCryptoStreamTest.java:301)
	at org.apache.commons.crypto.stream.AbstractCryptoStreamTest.doByteBufferWrite(AbstractCryptoStreamTest.java:198)
	at org.apache.commons.crypto.stream.AbstractCryptoStreamTest.testByteBufferWrite(AbstractCryptoStreamTest.java:100)
	at sun.reflect.NativeMethodAccessorImpl.invoke0(Native Method)
	at sun.reflect.NativeMethodAccessorImpl.invoke(NativeMethodAccessorImpl.java:62)
	at sun.reflect.DelegatingMethodAccessorImpl.invoke(DelegatingMethodAccessorImpl.java:43)
	at java.lang.reflect.Method.invoke(Method.java:498)
	at org.junit.runners.model.FrameworkMethod$1.runReflectiveCall(FrameworkMethod.java:47)
	at org.junit.internal.runners.model.ReflectiveCallable.run(ReflectiveCallable.java:12)
	at org.junit.runners.model.FrameworkMethod.invokeExplosively(FrameworkMethod.java:44)
	at org.junit.internal.runners.statements.InvokeMethod.evaluate(InvokeMethod.java:17)
	at org.junit.internal.runners.statements.FailOnTimeout$StatementThread.run(FailOnTimeout.java:74)
Caused by: java.lang.reflect.InvocationTargetException
	at sun.reflect.NativeConstructorAccessorImpl.newInstance0(Native Method)
	at sun.reflect.NativeConstructorAccessorImpl.newInstance(NativeConstructorAccessorImpl.java:62)
	at sun.reflect.DelegatingConstructorAccessorImpl.newInstance(DelegatingConstructorAccessorImpl.java:45)
	at java.lang.reflect.Constructor.newInstance(Constructor.java:423)
	at org.apache.commons.crypto.utils.ReflectionUtils.newInstance(ReflectionUtils.java:82)
	... 12 more
Caused by: java.lang.UnsatisfiedLinkError: org.apache.commons.crypto.cipher.OpensslNative.initContext(II)J
	at org.apache.commons.crypto.cipher.OpensslNative.initContext(Native Method)
	at org.apache.commons.crypto.cipher.Openssl.getInstance(Openssl.java:128)
	at org.apache.commons.crypto.cipher.OpensslCipher.<init>(OpensslCipher.java:56)
	... 17 more
--- org.apache.commons.crypto.stream.CBCPKCS5PaddingCryptoStreamTest::testSkip
java.lang.RuntimeException: java.lang.reflect.InvocationTargetException
	at org.apache.commons.crypto.utils.ReflectionUtils.newInstance(ReflectionUtils.java:84)
	at org.apache.commons.crypto.stream.AbstractCryptoStreamTest.getCipher(AbstractCryptoStreamTest.java:301)
	at org.apache.commons.crypto.stream.AbstractCryptoStreamTest.doSkipTest(AbstractCryptoStreamTest.java:107)
	at org.apache.commons.crypto.stream.AbstractCryptoStreamTest.testSkip(AbstractCryptoStreamTest.java:79)
	at sun.reflect.NativeMethodAccessorImpl.invoke0(Native Method)
	at sun.reflect.NativeMethodAccessorImpl.invoke(NativeMethodAccessorImpl.java:62)
	at sun.reflect.DelegatingMethodAccessorImpl.invoke(DelegatingMethodAccessorImpl.java:43)
	at java.lang.reflect.Method.invoke(Method.java:498)
	at org.junit.runners.model.FrameworkMethod$1.runReflectiveCall(FrameworkMethod.java:47)
	at org.junit.internal.runners.model.ReflectiveCallable.run(ReflectiveCallable.java:12)
	at org.junit.runners.model.FrameworkMethod.invokeExplosively(FrameworkMethod.java:44)
	at org.junit.internal.runners.statements.InvokeMethod.evaluate(InvokeMethod.java:17)
	at org.junit.internal.runners.statements.FailOnTimeout$StatementThread.run(FailOnTimeout.java:74)
Caused by: java.lang.reflect.InvocationTargetException
	at sun.reflect.NativeConstructorAccessorImpl.newInstance0(Native Method)
	at sun.reflect.NativeConstructorAccessorImpl.newInstance(NativeConstructorAccessorImpl.java:62)
	at sun.reflect.DelegatingConstructorAccessorImpl.newInstance(DelegatingConstructorAccessorImpl.java:45)
	at java.lang.reflect.Constructor.newInstance(Constructor.java:423)
	at org.apache.commons.crypto.utils.ReflectionUtils.newInstance(ReflectionUtils.java:82)
	... 12 more
Caused by: java.lang.UnsatisfiedLinkError: org.apache.commons.crypto.cipher.OpensslNative.initContext(II)J
	at org.apache.commons.crypto.cipher.OpensslNative.initContext(Native Method)
	at org.apache.commons.crypto.cipher.Openssl.getInstance(Openssl.java:128)
	at org.apache.commons.crypto.cipher.OpensslCipher.<init>(OpensslCipher.java:56)
	... 17 more
--- org.apache.commons.crypto.stream.CBCPKCS5PaddingCryptoStreamTest::testReadWrite
java.lang.RuntimeException: java.lang.reflect.InvocationTargetException
	at org.apache.commons.crypto.utils.ReflectionUtils.newInstance(ReflectionUtils.java:84)
	at org.apache.commons.crypto.stream.AbstractCryptoStreamTest.getCipher(AbstractCryptoStreamTest.java:301)
	at org.apache.commons.crypto.stream.AbstractCryptoStreamTest.doReadWriteTestForInputStream(AbstractCryptoStreamTest.java:336)
	at org.apache.commons.crypto.stream.AbstractCryptoStreamTest.doReadWriteTest(AbstractCryptoStreamTest.java:329)
	at org.apache.commons.crypto.stream.AbstractCryptoStreamTest.testReadWrite(AbstractCryptoStreamTest.java:312)
	at sun.reflect.NativeMethodAccessorImpl.invoke0(Native Method)
	at sun.reflect.NativeMethodAccessorImpl.invoke(NativeMethodAccessorImpl.java:62)
	at sun.reflect.DelegatingMethodAccessorImpl.invoke(DelegatingMethodAccessorImpl.java:43)
	at java.lang.reflect.Method.invoke(Method.java:498)
	at org.junit.runners.model.FrameworkMethod$1.runReflectiveCall(FrameworkMethod.java:47)
	at org.junit.internal.runners.model.ReflectiveCallable.run(ReflectiveCallable.java:12)
	at org.junit.runners.model.FrameworkMethod.invokeExplosively(FrameworkMethod.java:44)
	at org.junit.internal.runners.statements.InvokeMethod.evaluate(InvokeMethod.java:17)
	at org.junit.internal.runners.statements.RunBefores.evaluate(RunBefores.java:26)
	at org.junit.runners.ParentRunner.runLeaf(ParentRunner.java:271)
	at org.junit.runners.BlockJUnit4ClassRunner.runChild(BlockJUnit4ClassRunner.java:70)
	at org.junit.runners.BlockJUnit4ClassRunner.runChild(BlockJUnit4ClassRunner.java:50)
	at org.junit.runners.ParentRunner$3.run(ParentRunner.java:238)
	at org.junit.runners.ParentRunner$1.schedule(ParentRunner.java:63)
	at org.junit.runners.ParentRunner.runChildren(ParentRunner.java:236)
	at org.junit.runners.ParentRunner.access$000(ParentRunner.java:53)
	at org.junit.runners.ParentRunner$2.evaluate(ParentRunner.java:229)
	at org.junit.runners.ParentRunner.run(ParentRunner.java:309)
	at junit.framework.JUnit4TestAdapter.run(JUnit4TestAdapter.java:38)
	at org.apache.tools.ant.taskdefs.optional.junit.JUnitTestRunner.run(JUnitTestRunner.java:520)
	at org.apache.tools.ant.taskdefs.optional.junit.JUnitTask.executeInVM(JUnitTask.java:1484)
	at org.apache.tools.ant.taskdefs.optional.junit.JUnitTask.execute(JUnitTask.java:872)
	at org.apache.tools.ant.taskdefs.optional.junit.JUnitTask.executeOrQueue(JUnitTask.java:1972)
	at org.apache.tools.ant.taskdefs.optional.junit.JUnitTask.execute1(JUnitTask.java:824)
	at org.apache.tools.ant.taskdefs.optional.junit.JUnitTask.execute(JUnitTask.java:2277)
	at org.apache.tools.ant.UnknownElement.execute(UnknownElement.java:291)
	at sun.reflect.GeneratedMethodAccessor4.invoke(Unknown Source)
	at sun.reflect.DelegatingMethodAccessorImpl.invoke(DelegatingMethodAccessorImpl.java:43)
	at java.lang.reflect.Method.invoke(Method.java:498)
	at org.apache.tools.ant.dispatch.DispatchUtils.execute(DispatchUtils.java:106)
	at org.apache.tools.ant.Task.perform(Task.java:348)
	at org.apache.tools.ant.Target.execute(Target.java:392)
	at org.apache.tools.ant.Target.performTasks(Target.java:413)
	at org.apache.tools.ant.Project.executeSortedTargets(Project.java:1399)
	at org.apache.tools.ant.Project.executeTarget(Project.java:1368)
	at org.apache.tools.ant.helper.DefaultExecutor.executeTargets(DefaultExecutor.java:41)
	at org.apache.tools.ant.Project.executeTargets(Project.java:1251)
	at org.apache.tools.ant.Main.runBuild(Main.java:811)
	at org.apache.tools.ant.Main.startAnt(Main.java:217)
	at org.apache.tools.ant.launch.Launcher.run(Launcher.java:280)
	at org.apache.tools.ant.launch.Launcher.main(Launcher.java:109)
Caused by: java.lang.reflect.InvocationTargetException
	at sun.reflect.NativeConstructorAccessorImpl.newInstance0(Native Method)
	at sun.reflect.NativeConstructorAccessorImpl.newInstance(NativeConstructorAccessorImpl.java:62)
	at sun.reflect.DelegatingConstructorAccessorImpl.newInstance(DelegatingConstructorAccessorImpl.java:45)
	at java.lang.reflect.Constructor.newInstance(Constructor.java:423)
	at org.apache.commons.crypto.utils.ReflectionUtils.newInstance(ReflectionUtils.java:82)
	... 45 more
Caused by: java.lang.UnsatisfiedLinkError: org.apache.commons.crypto.cipher.OpensslNative.initContext(II)J
	at org.apache.commons.crypto.cipher.OpensslNative.initContext(Native Method)
	at org.apache.commons.crypto.cipher.Openssl.getInstance(Openssl.java:128)
	at org.apache.commons.crypto.cipher.OpensslCipher.<init>(OpensslCipher.java:56)
	... 50 more
--- org.apache.commons.crypto.stream.CBCPKCS5PaddingCryptoStreamTest::testByteBufferRead
java.lang.RuntimeException: java.lang.reflect.InvocationTargetException
	at org.apache.commons.crypto.utils.ReflectionUtils.newInstance(ReflectionUtils.java:84)
	at org.apache.commons.crypto.stream.AbstractCryptoStreamTest.getCipher(AbstractCryptoStreamTest.java:301)
	at org.apache.commons.crypto.stream.AbstractCryptoStreamTest.doByteBufferRead(AbstractCryptoStreamTest.java:138)
	at org.apache.commons.crypto.stream.AbstractCryptoStreamTest.testByteBufferRead(AbstractCryptoStreamTest.java:89)
	at sun.reflect.NativeMethodAccessorImpl.invoke0(Native Method)
	at sun.reflect.NativeMethodAccessorImpl.invoke(NativeMethodAccessorImpl.java:62)
	at sun.reflect.DelegatingMethodAccessorImpl.invoke(DelegatingMethodAccessorImpl.java:43)
	at java.lang.reflect.Method.invoke(Method.java:498)
	at org.junit.runners.model.FrameworkMethod$1.runReflectiveCall(FrameworkMethod.java:47)
	at org.junit.internal.runners.model.ReflectiveCallable.run(ReflectiveCallable.java:12)
	at org.junit.runners.model.FrameworkMethod.invokeExplosively(FrameworkMethod.java:44)
	at org.junit.internal.runners.statements.InvokeMethod.evaluate(InvokeMethod.java:17)
	at org.junit.internal.runners.statements.FailOnTimeout$StatementThread.run(FailOnTimeout.java:74)
Caused by: java.lang.reflect.InvocationTargetException
	at sun.reflect.NativeConstructorAccessorImpl.newInstance0(Native Method)
	at sun.reflect.NativeConstructorAccessorImpl.newInstance(NativeConstructorAccessorImpl.java:62)
	at sun.reflect.DelegatingConstructorAccessorImpl.newInstance(DelegatingConstructorAccessorImpl.java:45)
	at java.lang.reflect.Constructor.newInstance(Constructor.java:423)
	at org.apache.commons.crypto.utils.ReflectionUtils.newInstance(ReflectionUtils.java:82)
	... 12 more
Caused by: java.lang.UnsatisfiedLinkError: org.apache.commons.crypto.cipher.OpensslNative.initContext(II)J
	at org.apache.commons.crypto.cipher.OpensslNative.initContext(Native Method)
	at org.apache.commons.crypto.cipher.Openssl.getInstance(Openssl.java:128)
	at org.apache.commons.crypto.cipher.OpensslCipher.<init>(OpensslCipher.java:56)
	... 17 more
--- org.apache.commons.crypto.stream.CBCPKCS5PaddingCryptoStreamTest::testByteBufferWrite
java.lang.RuntimeException: java.lang.reflect.InvocationTargetException
	at org.apache.commons.crypto.utils.ReflectionUtils.newInstance(ReflectionUtils.java:84)
	at org.apache.commons.crypto.stream.AbstractCryptoStreamTest.getCipher(AbstractCryptoStreamTest.java:301)
	at org.apache.commons.crypto.stream.AbstractCryptoStreamTest.doByteBufferWrite(AbstractCryptoStreamTest.java:198)
	at org.apache.commons.crypto.stream.AbstractCryptoStreamTest.testByteBufferWrite(AbstractCryptoStreamTest.java:100)
	at sun.reflect.NativeMethodAccessorImpl.invoke0(Native Method)
	at sun.reflect.NativeMethodAccessorImpl.invoke(NativeMethodAccessorImpl.java:62)
	at sun.reflect.DelegatingMethodAccessorImpl.invoke(DelegatingMethodAccessorImpl.java:43)
	at java.lang.reflect.Method.invoke(Method.java:498)
	at org.junit.runners.model.FrameworkMethod$1.runReflectiveCall(FrameworkMethod.java:47)
	at org.junit.internal.runners.model.ReflectiveCallable.run(ReflectiveCallable.java:12)
	at org.junit.runners.model.FrameworkMethod.invokeExplosively(FrameworkMethod.java:44)
	at org.junit.internal.runners.statements.InvokeMethod.evaluate(InvokeMethod.java:17)
	at org.junit.internal.runners.statements.FailOnTimeout$StatementThread.run(FailOnTimeout.java:74)
Caused by: java.lang.reflect.InvocationTargetException
	at sun.reflect.NativeConstructorAccessorImpl.newInstance0(Native Method)
	at sun.reflect.NativeConstructorAccessorImpl.newInstance(NativeConstructorAccessorImpl.java:62)
	at sun.reflect.DelegatingConstructorAccessorImpl.newInstance(DelegatingConstructorAccessorImpl.java:45)
	at java.lang.reflect.Constructor.newInstance(Constructor.java:423)
	at org.apache.commons.crypto.utils.ReflectionUtils.newInstance(ReflectionUtils.java:82)
	... 12 more
Caused by: java.lang.UnsatisfiedLinkError: org.apache.commons.crypto.cipher.OpensslNative.initContext(II)J
	at org.apache.commons.crypto.cipher.OpensslNative.initContext(Native Method)
	at org.apache.commons.crypto.cipher.Openssl.getInstance(Openssl.java:128)
	at org.apache.commons.crypto.cipher.OpensslCipher.<init>(OpensslCipher.java:56)
	... 17 more
--- org.apache.commons.crypto.stream.CTRCryptoStreamTest::testSkip
java.lang.RuntimeException: java.lang.reflect.InvocationTargetException
	at org.apache.commons.crypto.utils.ReflectionUtils.newInstance(ReflectionUtils.java:84)
	at org.apache.commons.crypto.stream.AbstractCryptoStreamTest.getCipher(AbstractCryptoStreamTest.java:301)
	at org.apache.commons.crypto.stream.AbstractCryptoStreamTest.doSkipTest(AbstractCryptoStreamTest.java:107)
	at org.apache.commons.crypto.stream.AbstractCryptoStreamTest.testSkip(AbstractCryptoStreamTest.java:79)
	at sun.reflect.NativeMethodAccessorImpl.invoke0(Native Method)
	at sun.reflect.NativeMethodAccessorImpl.invoke(NativeMethodAccessorImpl.java:62)
	at sun.reflect.DelegatingMethodAccessorImpl.invoke(DelegatingMethodAccessorImpl.java:43)
	at java.lang.reflect.Method.invoke(Method.java:498)
	at org.junit.runners.model.FrameworkMethod$1.runReflectiveCall(FrameworkMethod.java:47)
	at org.junit.internal.runners.model.ReflectiveCallable.run(ReflectiveCallable.java:12)
	at org.junit.runners.model.FrameworkMethod.invokeExplosively(FrameworkMethod.java:44)
	at org.junit.internal.runners.statements.InvokeMethod.evaluate(InvokeMethod.java:17)
	at org.junit.internal.runners.statements.FailOnTimeout$StatementThread.run(FailOnTimeout.java:74)
Caused by: java.lang.reflect.InvocationTargetException
	at sun.reflect.NativeConstructorAccessorImpl.newInstance0(Native Method)
	at sun.reflect.NativeConstructorAccessorImpl.newInstance(NativeConstructorAccessorImpl.java:62)
	at sun.reflect.DelegatingConstructorAccessorImpl.newInstance(DelegatingConstructorAccessorImpl.java:45)
	at java.lang.reflect.Constructor.newInstance(Constructor.java:423)
	at org.apache.commons.crypto.utils.ReflectionUtils.newInstance(ReflectionUtils.java:82)
	... 12 more
Caused by: java.lang.UnsatisfiedLinkError: org.apache.commons.crypto.cipher.OpensslNative.initContext(II)J
	at org.apache.commons.crypto.cipher.OpensslNative.initContext(Native Method)
	at org.apache.commons.crypto.cipher.Openssl.getInstance(Openssl.java:128)
	at org.apache.commons.crypto.cipher.OpensslCipher.<init>(OpensslCipher.java:56)
	... 17 more
--- org.apache.commons.crypto.stream.CTRCryptoStreamTest::testReadWrite
java.lang.RuntimeException: java.lang.reflect.InvocationTargetException
	at org.apache.commons.crypto.utils.ReflectionUtils.newInstance(ReflectionUtils.java:84)
	at org.apache.commons.crypto.stream.AbstractCryptoStreamTest.getCipher(AbstractCryptoStreamTest.java:301)
	at org.apache.commons.crypto.stream.AbstractCryptoStreamTest.doReadWriteTestForInputStream(AbstractCryptoStreamTest.java:336)
	at org.apache.commons.crypto.stream.AbstractCryptoStreamTest.doReadWriteTest(AbstractCryptoStreamTest.java:329)
	at org.apache.commons.crypto.stream.AbstractCryptoStreamTest.testReadWrite(AbstractCryptoStreamTest.java:312)
	at sun.reflect.NativeMethodAccessorImpl.invoke0(Native Method)
	at sun.reflect.NativeMethodAccessorImpl.invoke(NativeMethodAccessorImpl.java:62)
	at sun.reflect.DelegatingMethodAccessorImpl.invoke(DelegatingMethodAccessorImpl.java:43)
	at java.lang.reflect.Method.invoke(Method.java:498)
	at org.junit.runners.model.FrameworkMethod$1.runReflectiveCall(FrameworkMethod.java:47)
	at org.junit.internal.runners.model.ReflectiveCallable.run(ReflectiveCallable.java:12)
	at org.junit.runners.model.FrameworkMethod.invokeExplosively(FrameworkMethod.java:44)
	at org.junit.internal.runners.statements.InvokeMethod.evaluate(InvokeMethod.java:17)
	at org.junit.internal.runners.statements.RunBefores.evaluate(RunBefores.java:26)
	at org.junit.runners.ParentRunner.runLeaf(ParentRunner.java:271)
	at org.junit.runners.BlockJUnit4ClassRunner.runChild(BlockJUnit4ClassRunner.java:70)
	at org.junit.runners.BlockJUnit4ClassRunner.runChild(BlockJUnit4ClassRunner.java:50)
	at org.junit.runners.ParentRunner$3.run(ParentRunner.java:238)
	at org.junit.runners.ParentRunner$1.schedule(ParentRunner.java:63)
	at org.junit.runners.ParentRunner.runChildren(ParentRunner.java:236)
	at org.junit.runners.ParentRunner.access$000(ParentRunner.java:53)
	at org.junit.runners.ParentRunner$2.evaluate(ParentRunner.java:229)
	at org.junit.runners.ParentRunner.run(ParentRunner.java:309)
	at junit.framework.JUnit4TestAdapter.run(JUnit4TestAdapter.java:38)
	at org.apache.tools.ant.taskdefs.optional.junit.JUnitTestRunner.run(JUnitTestRunner.java:520)
	at org.apache.tools.ant.taskdefs.optional.junit.JUnitTask.executeInVM(JUnitTask.java:1484)
	at org.apache.tools.ant.taskdefs.optional.junit.JUnitTask.execute(JUnitTask.java:872)
	at org.apache.tools.ant.taskdefs.optional.junit.JUnitTask.executeOrQueue(JUnitTask.java:1972)
	at org.apache.tools.ant.taskdefs.optional.junit.JUnitTask.execute1(JUnitTask.java:824)
	at org.apache.tools.ant.taskdefs.optional.junit.JUnitTask.execute(JUnitTask.java:2277)
	at org.apache.tools.ant.UnknownElement.execute(UnknownElement.java:291)
	at sun.reflect.GeneratedMethodAccessor4.invoke(Unknown Source)
	at sun.reflect.DelegatingMethodAccessorImpl.invoke(DelegatingMethodAccessorImpl.java:43)
	at java.lang.reflect.Method.invoke(Method.java:498)
	at org.apache.tools.ant.dispatch.DispatchUtils.execute(DispatchUtils.java:106)
	at org.apache.tools.ant.Task.perform(Task.java:348)
	at org.apache.tools.ant.Target.execute(Target.java:392)
	at org.apache.tools.ant.Target.performTasks(Target.java:413)
	at org.apache.tools.ant.Project.executeSortedTargets(Project.java:1399)
	at org.apache.tools.ant.Project.executeTarget(Project.java:1368)
	at org.apache.tools.ant.helper.DefaultExecutor.executeTargets(DefaultExecutor.java:41)
	at org.apache.tools.ant.Project.executeTargets(Project.java:1251)
	at org.apache.tools.ant.Main.runBuild(Main.java:811)
	at org.apache.tools.ant.Main.startAnt(Main.java:217)
	at org.apache.tools.ant.launch.Launcher.run(Launcher.java:280)
	at org.apache.tools.ant.launch.Launcher.main(Launcher.java:109)
Caused by: java.lang.reflect.InvocationTargetException
	at sun.reflect.NativeConstructorAccessorImpl.newInstance0(Native Method)
	at sun.reflect.NativeConstructorAccessorImpl.newInstance(NativeConstructorAccessorImpl.java:62)
	at sun.reflect.DelegatingConstructorAccessorImpl.newInstance(DelegatingConstructorAccessorImpl.java:45)
	at java.lang.reflect.Constructor.newInstance(Constructor.java:423)
	at org.apache.commons.crypto.utils.ReflectionUtils.newInstance(ReflectionUtils.java:82)
	... 45 more
Caused by: java.lang.UnsatisfiedLinkError: org.apache.commons.crypto.cipher.OpensslNative.initContext(II)J
	at org.apache.commons.crypto.cipher.OpensslNative.initContext(Native Method)
	at org.apache.commons.crypto.cipher.Openssl.getInstance(Openssl.java:128)
	at org.apache.commons.crypto.cipher.OpensslCipher.<init>(OpensslCipher.java:56)
	... 50 more
--- org.apache.commons.crypto.stream.CTRCryptoStreamTest::testByteBufferRead
java.lang.RuntimeException: java.lang.reflect.InvocationTargetException
	at org.apache.commons.crypto.utils.ReflectionUtils.newInstance(ReflectionUtils.java:84)
	at org.apache.commons.crypto.stream.AbstractCryptoStreamTest.getCipher(AbstractCryptoStreamTest.java:301)
	at org.apache.commons.crypto.stream.AbstractCryptoStreamTest.doByteBufferRead(AbstractCryptoStreamTest.java:138)
	at org.apache.commons.crypto.stream.AbstractCryptoStreamTest.testByteBufferRead(AbstractCryptoStreamTest.java:89)
	at sun.reflect.NativeMethodAccessorImpl.invoke0(Native Method)
	at sun.reflect.NativeMethodAccessorImpl.invoke(NativeMethodAccessorImpl.java:62)
	at sun.reflect.DelegatingMethodAccessorImpl.invoke(DelegatingMethodAccessorImpl.java:43)
	at java.lang.reflect.Method.invoke(Method.java:498)
	at org.junit.runners.model.FrameworkMethod$1.runReflectiveCall(FrameworkMethod.java:47)
	at org.junit.internal.runners.model.ReflectiveCallable.run(ReflectiveCallable.java:12)
	at org.junit.runners.model.FrameworkMethod.invokeExplosively(FrameworkMethod.java:44)
	at org.junit.internal.runners.statements.InvokeMethod.evaluate(InvokeMethod.java:17)
	at org.junit.internal.runners.statements.FailOnTimeout$StatementThread.run(FailOnTimeout.java:74)
Caused by: java.lang.reflect.InvocationTargetException
	at sun.reflect.NativeConstructorAccessorImpl.newInstance0(Native Method)
	at sun.reflect.NativeConstructorAccessorImpl.newInstance(NativeConstructorAccessorImpl.java:62)
	at sun.reflect.DelegatingConstructorAccessorImpl.newInstance(DelegatingConstructorAccessorImpl.java:45)
	at java.lang.reflect.Constructor.newInstance(Constructor.java:423)
	at org.apache.commons.crypto.utils.ReflectionUtils.newInstance(ReflectionUtils.java:82)
	... 12 more
Caused by: java.lang.UnsatisfiedLinkError: org.apache.commons.crypto.cipher.OpensslNative.initContext(II)J
	at org.apache.commons.crypto.cipher.OpensslNative.initContext(Native Method)
	at org.apache.commons.crypto.cipher.Openssl.getInstance(Openssl.java:128)
	at org.apache.commons.crypto.cipher.OpensslCipher.<init>(OpensslCipher.java:56)
	... 17 more
--- org.apache.commons.crypto.stream.CTRCryptoStreamTest::testByteBufferWrite
java.lang.RuntimeException: java.lang.reflect.InvocationTargetException
	at org.apache.commons.crypto.utils.ReflectionUtils.newInstance(ReflectionUtils.java:84)
	at org.apache.commons.crypto.stream.AbstractCryptoStreamTest.getCipher(AbstractCryptoStreamTest.java:301)
	at org.apache.commons.crypto.stream.AbstractCryptoStreamTest.doByteBufferWrite(AbstractCryptoStreamTest.java:198)
	at org.apache.commons.crypto.stream.AbstractCryptoStreamTest.testByteBufferWrite(AbstractCryptoStreamTest.java:100)
	at sun.reflect.NativeMethodAccessorImpl.invoke0(Native Method)
	at sun.reflect.NativeMethodAccessorImpl.invoke(NativeMethodAccessorImpl.java:62)
	at sun.reflect.DelegatingMethodAccessorImpl.invoke(DelegatingMethodAccessorImpl.java:43)
	at java.lang.reflect.Method.invoke(Method.java:498)
	at org.junit.runners.model.FrameworkMethod$1.runReflectiveCall(FrameworkMethod.java:47)
	at org.junit.internal.runners.model.ReflectiveCallable.run(ReflectiveCallable.java:12)
	at org.junit.runners.model.FrameworkMethod.invokeExplosively(FrameworkMethod.java:44)
	at org.junit.internal.runners.statements.InvokeMethod.evaluate(InvokeMethod.java:17)
	at org.junit.internal.runners.statements.FailOnTimeout$StatementThread.run(FailOnTimeout.java:74)
Caused by: java.lang.reflect.InvocationTargetException
	at sun.reflect.NativeConstructorAccessorImpl.newInstance0(Native Method)
	at sun.reflect.NativeConstructorAccessorImpl.newInstance(NativeConstructorAccessorImpl.java:62)
	at sun.reflect.DelegatingConstructorAccessorImpl.newInstance(DelegatingConstructorAccessorImpl.java:45)
	at java.lang.reflect.Constructor.newInstance(Constructor.java:423)
	at org.apache.commons.crypto.utils.ReflectionUtils.newInstance(ReflectionUtils.java:82)
	... 12 more
Caused by: java.lang.UnsatisfiedLinkError: org.apache.commons.crypto.cipher.OpensslNative.initContext(II)J
	at org.apache.commons.crypto.cipher.OpensslNative.initContext(Native Method)
	at org.apache.commons.crypto.cipher.Openssl.getInstance(Openssl.java:128)
	at org.apache.commons.crypto.cipher.OpensslCipher.<init>(OpensslCipher.java:56)
	... 17 more
--- org.apache.commons.crypto.stream.CTRNoPaddingCryptoStreamTest::testSkip
java.lang.RuntimeException: java.lang.reflect.InvocationTargetException
	at org.apache.commons.crypto.utils.ReflectionUtils.newInstance(ReflectionUtils.java:84)
	at org.apache.commons.crypto.stream.AbstractCryptoStreamTest.getCipher(AbstractCryptoStreamTest.java:301)
	at org.apache.commons.crypto.stream.AbstractCryptoStreamTest.doSkipTest(AbstractCryptoStreamTest.java:107)
	at org.apache.commons.crypto.stream.AbstractCryptoStreamTest.testSkip(AbstractCryptoStreamTest.java:79)
	at sun.reflect.NativeMethodAccessorImpl.invoke0(Native Method)
	at sun.reflect.NativeMethodAccessorImpl.invoke(NativeMethodAccessorImpl.java:62)
	at sun.reflect.DelegatingMethodAccessorImpl.invoke(DelegatingMethodAccessorImpl.java:43)
	at java.lang.reflect.Method.invoke(Method.java:498)
	at org.junit.runners.model.FrameworkMethod$1.runReflectiveCall(FrameworkMethod.java:47)
	at org.junit.internal.runners.model.ReflectiveCallable.run(ReflectiveCallable.java:12)
	at org.junit.runners.model.FrameworkMethod.invokeExplosively(FrameworkMethod.java:44)
	at org.junit.internal.runners.statements.InvokeMethod.evaluate(InvokeMethod.java:17)
	at org.junit.internal.runners.statements.FailOnTimeout$StatementThread.run(FailOnTimeout.java:74)
Caused by: java.lang.reflect.InvocationTargetException
	at sun.reflect.NativeConstructorAccessorImpl.newInstance0(Native Method)
	at sun.reflect.NativeConstructorAccessorImpl.newInstance(NativeConstructorAccessorImpl.java:62)
	at sun.reflect.DelegatingConstructorAccessorImpl.newInstance(DelegatingConstructorAccessorImpl.java:45)
	at java.lang.reflect.Constructor.newInstance(Constructor.java:423)
	at org.apache.commons.crypto.utils.ReflectionUtils.newInstance(ReflectionUtils.java:82)
	... 12 more
Caused by: java.lang.UnsatisfiedLinkError: org.apache.commons.crypto.cipher.OpensslNative.initContext(II)J
	at org.apache.commons.crypto.cipher.OpensslNative.initContext(Native Method)
	at org.apache.commons.crypto.cipher.Openssl.getInstance(Openssl.java:128)
	at org.apache.commons.crypto.cipher.OpensslCipher.<init>(OpensslCipher.java:56)
	... 17 more
--- org.apache.commons.crypto.stream.CTRNoPaddingCryptoStreamTest::testReadWrite
java.lang.RuntimeException: java.lang.reflect.InvocationTargetException
	at org.apache.commons.crypto.utils.ReflectionUtils.newInstance(ReflectionUtils.java:84)
	at org.apache.commons.crypto.stream.AbstractCryptoStreamTest.getCipher(AbstractCryptoStreamTest.java:301)
	at org.apache.commons.crypto.stream.AbstractCryptoStreamTest.doReadWriteTestForInputStream(AbstractCryptoStreamTest.java:336)
	at org.apache.commons.crypto.stream.AbstractCryptoStreamTest.doReadWriteTest(AbstractCryptoStreamTest.java:329)
	at org.apache.commons.crypto.stream.AbstractCryptoStreamTest.testReadWrite(AbstractCryptoStreamTest.java:312)
	at sun.reflect.NativeMethodAccessorImpl.invoke0(Native Method)
	at sun.reflect.NativeMethodAccessorImpl.invoke(NativeMethodAccessorImpl.java:62)
	at sun.reflect.DelegatingMethodAccessorImpl.invoke(DelegatingMethodAccessorImpl.java:43)
	at java.lang.reflect.Method.invoke(Method.java:498)
	at org.junit.runners.model.FrameworkMethod$1.runReflectiveCall(FrameworkMethod.java:47)
	at org.junit.internal.runners.model.ReflectiveCallable.run(ReflectiveCallable.java:12)
	at org.junit.runners.model.FrameworkMethod.invokeExplosively(FrameworkMethod.java:44)
	at org.junit.internal.runners.statements.InvokeMethod.evaluate(InvokeMethod.java:17)
	at org.junit.internal.runners.statements.RunBefores.evaluate(RunBefores.java:26)
	at org.junit.runners.ParentRunner.runLeaf(ParentRunner.java:271)
	at org.junit.runners.BlockJUnit4ClassRunner.runChild(BlockJUnit4ClassRunner.java:70)
	at org.junit.runners.BlockJUnit4ClassRunner.runChild(BlockJUnit4ClassRunner.java:50)
	at org.junit.runners.ParentRunner$3.run(ParentRunner.java:238)
	at org.junit.runners.ParentRunner$1.schedule(ParentRunner.java:63)
	at org.junit.runners.ParentRunner.runChildren(ParentRunner.java:236)
	at org.junit.runners.ParentRunner.access$000(ParentRunner.java:53)
	at org.junit.runners.ParentRunner$2.evaluate(ParentRunner.java:229)
	at org.junit.runners.ParentRunner.run(ParentRunner.java:309)
	at junit.framework.JUnit4TestAdapter.run(JUnit4TestAdapter.java:38)
	at org.apache.tools.ant.taskdefs.optional.junit.JUnitTestRunner.run(JUnitTestRunner.java:520)
	at org.apache.tools.ant.taskdefs.optional.junit.JUnitTask.executeInVM(JUnitTask.java:1484)
	at org.apache.tools.ant.taskdefs.optional.junit.JUnitTask.execute(JUnitTask.java:872)
	at org.apache.tools.ant.taskdefs.optional.junit.JUnitTask.executeOrQueue(JUnitTask.java:1972)
	at org.apache.tools.ant.taskdefs.optional.junit.JUnitTask.execute1(JUnitTask.java:824)
	at org.apache.tools.ant.taskdefs.optional.junit.JUnitTask.execute(JUnitTask.java:2277)
	at org.apache.tools.ant.UnknownElement.execute(UnknownElement.java:291)
	at sun.reflect.GeneratedMethodAccessor4.invoke(Unknown Source)
	at sun.reflect.DelegatingMethodAccessorImpl.invoke(DelegatingMethodAccessorImpl.java:43)
	at java.lang.reflect.Method.invoke(Method.java:498)
	at org.apache.tools.ant.dispatch.DispatchUtils.execute(DispatchUtils.java:106)
	at org.apache.tools.ant.Task.perform(Task.java:348)
	at org.apache.tools.ant.Target.execute(Target.java:392)
	at org.apache.tools.ant.Target.performTasks(Target.java:413)
	at org.apache.tools.ant.Project.executeSortedTargets(Project.java:1399)
	at org.apache.tools.ant.Project.executeTarget(Project.java:1368)
	at org.apache.tools.ant.helper.DefaultExecutor.executeTargets(DefaultExecutor.java:41)
	at org.apache.tools.ant.Project.executeTargets(Project.java:1251)
	at org.apache.tools.ant.Main.runBuild(Main.java:811)
	at org.apache.tools.ant.Main.startAnt(Main.java:217)
	at org.apache.tools.ant.launch.Launcher.run(Launcher.java:280)
	at org.apache.tools.ant.launch.Launcher.main(Launcher.java:109)
Caused by: java.lang.reflect.InvocationTargetException
	at sun.reflect.NativeConstructorAccessorImpl.newInstance0(Native Method)
	at sun.reflect.NativeConstructorAccessorImpl.newInstance(NativeConstructorAccessorImpl.java:62)
	at sun.reflect.DelegatingConstructorAccessorImpl.newInstance(DelegatingConstructorAccessorImpl.java:45)
	at java.lang.reflect.Constructor.newInstance(Constructor.java:423)
	at org.apache.commons.crypto.utils.ReflectionUtils.newInstance(ReflectionUtils.java:82)
	... 45 more
Caused by: java.lang.UnsatisfiedLinkError: org.apache.commons.crypto.cipher.OpensslNative.initContext(II)J
	at org.apache.commons.crypto.cipher.OpensslNative.initContext(Native Method)
	at org.apache.commons.crypto.cipher.Openssl.getInstance(Openssl.java:128)
	at org.apache.commons.crypto.cipher.OpensslCipher.<init>(OpensslCipher.java:56)
	... 50 more
--- org.apache.commons.crypto.stream.CTRNoPaddingCryptoStreamTest::testByteBufferRead
java.lang.RuntimeException: java.lang.reflect.InvocationTargetException
	at org.apache.commons.crypto.utils.ReflectionUtils.newInstance(ReflectionUtils.java:84)
	at org.apache.commons.crypto.stream.AbstractCryptoStreamTest.getCipher(AbstractCryptoStreamTest.java:301)
	at org.apache.commons.crypto.stream.AbstractCryptoStreamTest.doByteBufferRead(AbstractCryptoStreamTest.java:138)
	at org.apache.commons.crypto.stream.AbstractCryptoStreamTest.testByteBufferRead(AbstractCryptoStreamTest.java:89)
	at sun.reflect.NativeMethodAccessorImpl.invoke0(Native Method)
	at sun.reflect.NativeMethodAccessorImpl.invoke(NativeMethodAccessorImpl.java:62)
	at sun.reflect.DelegatingMethodAccessorImpl.invoke(DelegatingMethodAccessorImpl.java:43)
	at java.lang.reflect.Method.invoke(Method.java:498)
	at org.junit.runners.model.FrameworkMethod$1.runReflectiveCall(FrameworkMethod.java:47)
	at org.junit.internal.runners.model.ReflectiveCallable.run(ReflectiveCallable.java:12)
	at org.junit.runners.model.FrameworkMethod.invokeExplosively(FrameworkMethod.java:44)
	at org.junit.internal.runners.statements.InvokeMethod.evaluate(InvokeMethod.java:17)
	at org.junit.internal.runners.statements.FailOnTimeout$StatementThread.run(FailOnTimeout.java:74)
Caused by: java.lang.reflect.InvocationTargetException
	at sun.reflect.NativeConstructorAccessorImpl.newInstance0(Native Method)
	at sun.reflect.NativeConstructorAccessorImpl.newInstance(NativeConstructorAccessorImpl.java:62)
	at sun.reflect.DelegatingConstructorAccessorImpl.newInstance(DelegatingConstructorAccessorImpl.java:45)
	at java.lang.reflect.Constructor.newInstance(Constructor.java:423)
	at org.apache.commons.crypto.utils.ReflectionUtils.newInstance(ReflectionUtils.java:82)
	... 12 more
Caused by: java.lang.UnsatisfiedLinkError: org.apache.commons.crypto.cipher.OpensslNative.initContext(II)J
	at org.apache.commons.crypto.cipher.OpensslNative.initContext(Native Method)
	at org.apache.commons.crypto.cipher.Openssl.getInstance(Openssl.java:128)
	at org.apache.commons.crypto.cipher.OpensslCipher.<init>(OpensslCipher.java:56)
	... 17 more
--- org.apache.commons.crypto.stream.CTRNoPaddingCryptoStreamTest::testByteBufferWrite
java.lang.RuntimeException: java.lang.reflect.InvocationTargetException
	at org.apache.commons.crypto.utils.ReflectionUtils.newInstance(ReflectionUtils.java:84)
	at org.apache.commons.crypto.stream.AbstractCryptoStreamTest.getCipher(AbstractCryptoStreamTest.java:301)
	at org.apache.commons.crypto.stream.AbstractCryptoStreamTest.doByteBufferWrite(AbstractCryptoStreamTest.java:198)
	at org.apache.commons.crypto.stream.AbstractCryptoStreamTest.testByteBufferWrite(AbstractCryptoStreamTest.java:100)
	at sun.reflect.NativeMethodAccessorImpl.invoke0(Native Method)
	at sun.reflect.NativeMethodAccessorImpl.invoke(NativeMethodAccessorImpl.java:62)
	at sun.reflect.DelegatingMethodAccessorImpl.invoke(DelegatingMethodAccessorImpl.java:43)
	at java.lang.reflect.Method.invoke(Method.java:498)
	at org.junit.runners.model.FrameworkMethod$1.runReflectiveCall(FrameworkMethod.java:47)
	at org.junit.internal.runners.model.ReflectiveCallable.run(ReflectiveCallable.java:12)
	at org.junit.runners.model.FrameworkMethod.invokeExplosively(FrameworkMethod.java:44)
	at org.junit.internal.runners.statements.InvokeMethod.evaluate(InvokeMethod.java:17)
	at org.junit.internal.runners.statements.FailOnTimeout$StatementThread.run(FailOnTimeout.java:74)
Caused by: java.lang.reflect.InvocationTargetException
	at sun.reflect.NativeConstructorAccessorImpl.newInstance0(Native Method)
	at sun.reflect.NativeConstructorAccessorImpl.newInstance(NativeConstructorAccessorImpl.java:62)
	at sun.reflect.DelegatingConstructorAccessorImpl.newInstance(DelegatingConstructorAccessorImpl.java:45)
	at java.lang.reflect.Constructor.newInstance(Constructor.java:423)
	at org.apache.commons.crypto.utils.ReflectionUtils.newInstance(ReflectionUtils.java:82)
	... 12 more
Caused by: java.lang.UnsatisfiedLinkError: org.apache.commons.crypto.cipher.OpensslNative.initContext(II)J
	at org.apache.commons.crypto.cipher.OpensslNative.initContext(Native Method)
	at org.apache.commons.crypto.cipher.Openssl.getInstance(Openssl.java:128)
	at org.apache.commons.crypto.cipher.OpensslCipher.<init>(OpensslCipher.java:56)
	... 17 more
--- org.apache.commons.crypto.stream.PositionedCryptoInputStreamTest::doTest
java.lang.RuntimeException: java.lang.reflect.InvocationTargetException
	at org.apache.commons.crypto.utils.ReflectionUtils.newInstance(ReflectionUtils.java:84)
	at org.apache.commons.crypto.stream.PositionedCryptoInputStreamTest.getCipher(PositionedCryptoInputStreamTest.java:289)
	at org.apache.commons.crypto.stream.PositionedCryptoInputStreamTest.testPositionedReadLoop(PositionedCryptoInputStreamTest.java:218)
	at org.apache.commons.crypto.stream.PositionedCryptoInputStreamTest.doPositionedReadTests(PositionedCryptoInputStreamTest.java:145)
	at org.apache.commons.crypto.stream.PositionedCryptoInputStreamTest.testCipher(PositionedCryptoInputStreamTest.java:103)
	at org.apache.commons.crypto.stream.PositionedCryptoInputStreamTest.doTest(PositionedCryptoInputStreamTest.java:99)
	at sun.reflect.NativeMethodAccessorImpl.invoke0(Native Method)
	at sun.reflect.NativeMethodAccessorImpl.invoke(NativeMethodAccessorImpl.java:62)
	at sun.reflect.DelegatingMethodAccessorImpl.invoke(DelegatingMethodAccessorImpl.java:43)
	at java.lang.reflect.Method.invoke(Method.java:498)
	at org.junit.runners.model.FrameworkMethod$1.runReflectiveCall(FrameworkMethod.java:47)
	at org.junit.internal.runners.model.ReflectiveCallable.run(ReflectiveCallable.java:12)
	at org.junit.runners.model.FrameworkMethod.invokeExplosively(FrameworkMethod.java:44)
	at org.junit.internal.runners.statements.InvokeMethod.evaluate(InvokeMethod.java:17)
	at org.junit.internal.runners.statements.RunBefores.evaluate(RunBefores.java:26)
	at org.junit.runners.ParentRunner.runLeaf(ParentRunner.java:271)
	at org.junit.runners.BlockJUnit4ClassRunner.runChild(BlockJUnit4ClassRunner.java:70)
	at org.junit.runners.BlockJUnit4ClassRunner.runChild(BlockJUnit4ClassRunner.java:50)
	at org.junit.runners.ParentRunner$3.run(ParentRunner.java:238)
	at org.junit.runners.ParentRunner$1.schedule(ParentRunner.java:63)
	at org.junit.runners.ParentRunner.runChildren(ParentRunner.java:236)
	at org.junit.runners.ParentRunner.access$000(ParentRunner.java:53)
	at org.junit.runners.ParentRunner$2.evaluate(ParentRunner.java:229)
	at org.junit.runners.ParentRunner.run(ParentRunner.java:309)
	at junit.framework.JUnit4TestAdapter.run(JUnit4TestAdapter.java:38)
	at org.apache.tools.ant.taskdefs.optional.junit.JUnitTestRunner.run(JUnitTestRunner.java:520)
	at org.apache.tools.ant.taskdefs.optional.junit.JUnitTask.executeInVM(JUnitTask.java:1484)
	at org.apache.tools.ant.taskdefs.optional.junit.JUnitTask.execute(JUnitTask.java:872)
	at org.apache.tools.ant.taskdefs.optional.junit.JUnitTask.executeOrQueue(JUnitTask.java:1972)
	at org.apache.tools.ant.taskdefs.optional.junit.JUnitTask.execute1(JUnitTask.java:824)
	at org.apache.tools.ant.taskdefs.optional.junit.JUnitTask.execute(JUnitTask.java:2277)
	at org.apache.tools.ant.UnknownElement.execute(UnknownElement.java:291)
	at sun.reflect.GeneratedMethodAccessor4.invoke(Unknown Source)
	at sun.reflect.DelegatingMethodAccessorImpl.invoke(DelegatingMethodAccessorImpl.java:43)
	at java.lang.reflect.Method.invoke(Method.java:498)
	at org.apache.tools.ant.dispatch.DispatchUtils.execute(DispatchUtils.java:106)
	at org.apache.tools.ant.Task.perform(Task.java:348)
	at org.apache.tools.ant.Target.execute(Target.java:392)
	at org.apache.tools.ant.Target.performTasks(Target.java:413)
	at org.apache.tools.ant.Project.executeSortedTargets(Project.java:1399)
	at org.apache.tools.ant.Project.executeTarget(Project.java:1368)
	at org.apache.tools.ant.helper.DefaultExecutor.executeTargets(DefaultExecutor.java:41)
	at org.apache.tools.ant.Project.executeTargets(Project.java:1251)
	at org.apache.tools.ant.Main.runBuild(Main.java:811)
	at org.apache.tools.ant.Main.startAnt(Main.java:217)
	at org.apache.tools.ant.launch.Launcher.run(Launcher.java:280)
	at org.apache.tools.ant.launch.Launcher.main(Launcher.java:109)
Caused by: java.lang.reflect.InvocationTargetException
	at sun.reflect.NativeConstructorAccessorImpl.newInstance0(Native Method)
	at sun.reflect.NativeConstructorAccessorImpl.newInstance(NativeConstructorAccessorImpl.java:62)
	at sun.reflect.DelegatingConstructorAccessorImpl.newInstance(DelegatingConstructorAccessorImpl.java:45)
	at java.lang.reflect.Constructor.newInstance(Constructor.java:423)
	at org.apache.commons.crypto.utils.ReflectionUtils.newInstance(ReflectionUtils.java:82)
	... 46 more
Caused by: java.lang.UnsatisfiedLinkError: org.apache.commons.crypto.cipher.OpensslNative.initContext(II)J
	at org.apache.commons.crypto.cipher.OpensslNative.initContext(Native Method)
	at org.apache.commons.crypto.cipher.Openssl.getInstance(Openssl.java:128)
	at org.apache.commons.crypto.cipher.OpensslCipher.<init>(OpensslCipher.java:56)
	... 51 more
## commons-crypto: 7cefbf2a69ec133aa327f93d40dc307ee80df8b5 ##
--- org.apache.commons.crypto.stream.CBCNoPaddingCryptoStreamTest::testSkip
java.lang.RuntimeException: java.lang.reflect.InvocationTargetException
	at org.apache.commons.crypto.utils.ReflectionUtils.newInstance(ReflectionUtils.java:84)
	at org.apache.commons.crypto.stream.AbstractCryptoStreamTest.getCipher(AbstractCryptoStreamTest.java:301)
	at org.apache.commons.crypto.stream.AbstractCryptoStreamTest.doSkipTest(AbstractCryptoStreamTest.java:107)
	at org.apache.commons.crypto.stream.AbstractCryptoStreamTest.testSkip(AbstractCryptoStreamTest.java:79)
	at sun.reflect.NativeMethodAccessorImpl.invoke0(Native Method)
	at sun.reflect.NativeMethodAccessorImpl.invoke(NativeMethodAccessorImpl.java:62)
	at sun.reflect.DelegatingMethodAccessorImpl.invoke(DelegatingMethodAccessorImpl.java:43)
	at java.lang.reflect.Method.invoke(Method.java:498)
	at org.junit.runners.model.FrameworkMethod$1.runReflectiveCall(FrameworkMethod.java:47)
	at org.junit.internal.runners.model.ReflectiveCallable.run(ReflectiveCallable.java:12)
	at org.junit.runners.model.FrameworkMethod.invokeExplosively(FrameworkMethod.java:44)
	at org.junit.internal.runners.statements.InvokeMethod.evaluate(InvokeMethod.java:17)
	at org.junit.internal.runners.statements.FailOnTimeout$StatementThread.run(FailOnTimeout.java:74)
Caused by: java.lang.reflect.InvocationTargetException
	at sun.reflect.NativeConstructorAccessorImpl.newInstance0(Native Method)
	at sun.reflect.NativeConstructorAccessorImpl.newInstance(NativeConstructorAccessorImpl.java:62)
	at sun.reflect.DelegatingConstructorAccessorImpl.newInstance(DelegatingConstructorAccessorImpl.java:45)
	at java.lang.reflect.Constructor.newInstance(Constructor.java:423)
	at org.apache.commons.crypto.utils.ReflectionUtils.newInstance(ReflectionUtils.java:82)
	... 12 more
Caused by: java.lang.UnsatisfiedLinkError: org.apache.commons.crypto.cipher.OpensslNative.initContext(II)J
	at org.apache.commons.crypto.cipher.OpensslNative.initContext(Native Method)
	at org.apache.commons.crypto.cipher.Openssl.getInstance(Openssl.java:128)
	at org.apache.commons.crypto.cipher.OpensslCipher.<init>(OpensslCipher.java:56)
	... 17 more
--- org.apache.commons.crypto.stream.CBCNoPaddingCryptoStreamTest::testReadWrite
java.lang.RuntimeException: java.lang.reflect.InvocationTargetException
	at org.apache.commons.crypto.utils.ReflectionUtils.newInstance(ReflectionUtils.java:84)
	at org.apache.commons.crypto.stream.AbstractCryptoStreamTest.getCipher(AbstractCryptoStreamTest.java:301)
	at org.apache.commons.crypto.stream.AbstractCryptoStreamTest.doReadWriteTestForInputStream(AbstractCryptoStreamTest.java:336)
	at org.apache.commons.crypto.stream.AbstractCryptoStreamTest.doReadWriteTest(AbstractCryptoStreamTest.java:329)
	at org.apache.commons.crypto.stream.AbstractCryptoStreamTest.testReadWrite(AbstractCryptoStreamTest.java:312)
	at sun.reflect.NativeMethodAccessorImpl.invoke0(Native Method)
	at sun.reflect.NativeMethodAccessorImpl.invoke(NativeMethodAccessorImpl.java:62)
	at sun.reflect.DelegatingMethodAccessorImpl.invoke(DelegatingMethodAccessorImpl.java:43)
	at java.lang.reflect.Method.invoke(Method.java:498)
	at org.junit.runners.model.FrameworkMethod$1.runReflectiveCall(FrameworkMethod.java:47)
	at org.junit.internal.runners.model.ReflectiveCallable.run(ReflectiveCallable.java:12)
	at org.junit.runners.model.FrameworkMethod.invokeExplosively(FrameworkMethod.java:44)
	at org.junit.internal.runners.statements.InvokeMethod.evaluate(InvokeMethod.java:17)
	at org.junit.internal.runners.statements.RunBefores.evaluate(RunBefores.java:26)
	at org.junit.runners.ParentRunner.runLeaf(ParentRunner.java:271)
	at org.junit.runners.BlockJUnit4ClassRunner.runChild(BlockJUnit4ClassRunner.java:70)
	at org.junit.runners.BlockJUnit4ClassRunner.runChild(BlockJUnit4ClassRunner.java:50)
	at org.junit.runners.ParentRunner$3.run(ParentRunner.java:238)
	at org.junit.runners.ParentRunner$1.schedule(ParentRunner.java:63)
	at org.junit.runners.ParentRunner.runChildren(ParentRunner.java:236)
	at org.junit.runners.ParentRunner.access$000(ParentRunner.java:53)
	at org.junit.runners.ParentRunner$2.evaluate(ParentRunner.java:229)
	at org.junit.runners.ParentRunner.run(ParentRunner.java:309)
	at junit.framework.JUnit4TestAdapter.run(JUnit4TestAdapter.java:38)
	at org.apache.tools.ant.taskdefs.optional.junit.JUnitTestRunner.run(JUnitTestRunner.java:520)
	at org.apache.tools.ant.taskdefs.optional.junit.JUnitTask.executeInVM(JUnitTask.java:1484)
	at org.apache.tools.ant.taskdefs.optional.junit.JUnitTask.execute(JUnitTask.java:872)
	at org.apache.tools.ant.taskdefs.optional.junit.JUnitTask.executeOrQueue(JUnitTask.java:1972)
	at org.apache.tools.ant.taskdefs.optional.junit.JUnitTask.execute1(JUnitTask.java:824)
	at org.apache.tools.ant.taskdefs.optional.junit.JUnitTask.execute(JUnitTask.java:2277)
	at org.apache.tools.ant.UnknownElement.execute(UnknownElement.java:291)
	at sun.reflect.GeneratedMethodAccessor4.invoke(Unknown Source)
	at sun.reflect.DelegatingMethodAccessorImpl.invoke(DelegatingMethodAccessorImpl.java:43)
	at java.lang.reflect.Method.invoke(Method.java:498)
	at org.apache.tools.ant.dispatch.DispatchUtils.execute(DispatchUtils.java:106)
	at org.apache.tools.ant.Task.perform(Task.java:348)
	at org.apache.tools.ant.Target.execute(Target.java:392)
	at org.apache.tools.ant.Target.performTasks(Target.java:413)
	at org.apache.tools.ant.Project.executeSortedTargets(Project.java:1399)
	at org.apache.tools.ant.Project.executeTarget(Project.java:1368)
	at org.apache.tools.ant.helper.DefaultExecutor.executeTargets(DefaultExecutor.java:41)
	at org.apache.tools.ant.Project.executeTargets(Project.java:1251)
	at org.apache.tools.ant.Main.runBuild(Main.java:811)
	at org.apache.tools.ant.Main.startAnt(Main.java:217)
	at org.apache.tools.ant.launch.Launcher.run(Launcher.java:280)
	at org.apache.tools.ant.launch.Launcher.main(Launcher.java:109)
Caused by: java.lang.reflect.InvocationTargetException
	at sun.reflect.NativeConstructorAccessorImpl.newInstance0(Native Method)
	at sun.reflect.NativeConstructorAccessorImpl.newInstance(NativeConstructorAccessorImpl.java:62)
	at sun.reflect.DelegatingConstructorAccessorImpl.newInstance(DelegatingConstructorAccessorImpl.java:45)
	at java.lang.reflect.Constructor.newInstance(Constructor.java:423)
	at org.apache.commons.crypto.utils.ReflectionUtils.newInstance(ReflectionUtils.java:82)
	... 45 more
Caused by: java.lang.UnsatisfiedLinkError: org.apache.commons.crypto.cipher.OpensslNative.initContext(II)J
	at org.apache.commons.crypto.cipher.OpensslNative.initContext(Native Method)
	at org.apache.commons.crypto.cipher.Openssl.getInstance(Openssl.java:128)
	at org.apache.commons.crypto.cipher.OpensslCipher.<init>(OpensslCipher.java:56)
	... 50 more
--- org.apache.commons.crypto.stream.CBCNoPaddingCryptoStreamTest::testByteBufferWrite
java.lang.RuntimeException: java.lang.reflect.InvocationTargetException
	at org.apache.commons.crypto.utils.ReflectionUtils.newInstance(ReflectionUtils.java:84)
	at org.apache.commons.crypto.stream.AbstractCryptoStreamTest.getCipher(AbstractCryptoStreamTest.java:301)
	at org.apache.commons.crypto.stream.AbstractCryptoStreamTest.doByteBufferWrite(AbstractCryptoStreamTest.java:198)
	at org.apache.commons.crypto.stream.AbstractCryptoStreamTest.testByteBufferWrite(AbstractCryptoStreamTest.java:100)
	at sun.reflect.NativeMethodAccessorImpl.invoke0(Native Method)
	at sun.reflect.NativeMethodAccessorImpl.invoke(NativeMethodAccessorImpl.java:62)
	at sun.reflect.DelegatingMethodAccessorImpl.invoke(DelegatingMethodAccessorImpl.java:43)
	at java.lang.reflect.Method.invoke(Method.java:498)
	at org.junit.runners.model.FrameworkMethod$1.runReflectiveCall(FrameworkMethod.java:47)
	at org.junit.internal.runners.model.ReflectiveCallable.run(ReflectiveCallable.java:12)
	at org.junit.runners.model.FrameworkMethod.invokeExplosively(FrameworkMethod.java:44)
	at org.junit.internal.runners.statements.InvokeMethod.evaluate(InvokeMethod.java:17)
	at org.junit.internal.runners.statements.FailOnTimeout$StatementThread.run(FailOnTimeout.java:74)
Caused by: java.lang.reflect.InvocationTargetException
	at sun.reflect.NativeConstructorAccessorImpl.newInstance0(Native Method)
	at sun.reflect.NativeConstructorAccessorImpl.newInstance(NativeConstructorAccessorImpl.java:62)
	at sun.reflect.DelegatingConstructorAccessorImpl.newInstance(DelegatingConstructorAccessorImpl.java:45)
	at java.lang.reflect.Constructor.newInstance(Constructor.java:423)
	at org.apache.commons.crypto.utils.ReflectionUtils.newInstance(ReflectionUtils.java:82)
	... 12 more
Caused by: java.lang.UnsatisfiedLinkError: org.apache.commons.crypto.cipher.OpensslNative.initContext(II)J
	at org.apache.commons.crypto.cipher.OpensslNative.initContext(Native Method)
	at org.apache.commons.crypto.cipher.Openssl.getInstance(Openssl.java:128)
	at org.apache.commons.crypto.cipher.OpensslCipher.<init>(OpensslCipher.java:56)
	... 17 more
--- org.apache.commons.crypto.stream.CBCPKCS5PaddingCryptoStreamTest::testSkip
java.lang.RuntimeException: java.lang.reflect.InvocationTargetException
	at org.apache.commons.crypto.utils.ReflectionUtils.newInstance(ReflectionUtils.java:84)
	at org.apache.commons.crypto.stream.AbstractCryptoStreamTest.getCipher(AbstractCryptoStreamTest.java:301)
	at org.apache.commons.crypto.stream.AbstractCryptoStreamTest.doSkipTest(AbstractCryptoStreamTest.java:107)
	at org.apache.commons.crypto.stream.AbstractCryptoStreamTest.testSkip(AbstractCryptoStreamTest.java:79)
	at sun.reflect.NativeMethodAccessorImpl.invoke0(Native Method)
	at sun.reflect.NativeMethodAccessorImpl.invoke(NativeMethodAccessorImpl.java:62)
	at sun.reflect.DelegatingMethodAccessorImpl.invoke(DelegatingMethodAccessorImpl.java:43)
	at java.lang.reflect.Method.invoke(Method.java:498)
	at org.junit.runners.model.FrameworkMethod$1.runReflectiveCall(FrameworkMethod.java:47)
	at org.junit.internal.runners.model.ReflectiveCallable.run(ReflectiveCallable.java:12)
	at org.junit.runners.model.FrameworkMethod.invokeExplosively(FrameworkMethod.java:44)
	at org.junit.internal.runners.statements.InvokeMethod.evaluate(InvokeMethod.java:17)
	at org.junit.internal.runners.statements.FailOnTimeout$StatementThread.run(FailOnTimeout.java:74)
Caused by: java.lang.reflect.InvocationTargetException
	at sun.reflect.NativeConstructorAccessorImpl.newInstance0(Native Method)
	at sun.reflect.NativeConstructorAccessorImpl.newInstance(NativeConstructorAccessorImpl.java:62)
	at sun.reflect.DelegatingConstructorAccessorImpl.newInstance(DelegatingConstructorAccessorImpl.java:45)
	at java.lang.reflect.Constructor.newInstance(Constructor.java:423)
	at org.apache.commons.crypto.utils.ReflectionUtils.newInstance(ReflectionUtils.java:82)
	... 12 more
Caused by: java.lang.UnsatisfiedLinkError: org.apache.commons.crypto.cipher.OpensslNative.initContext(II)J
	at org.apache.commons.crypto.cipher.OpensslNative.initContext(Native Method)
	at org.apache.commons.crypto.cipher.Openssl.getInstance(Openssl.java:128)
	at org.apache.commons.crypto.cipher.OpensslCipher.<init>(OpensslCipher.java:56)
	... 17 more
--- org.apache.commons.crypto.stream.CBCPKCS5PaddingCryptoStreamTest::testReadWrite
java.lang.RuntimeException: java.lang.reflect.InvocationTargetException
	at org.apache.commons.crypto.utils.ReflectionUtils.newInstance(ReflectionUtils.java:84)
	at org.apache.commons.crypto.stream.AbstractCryptoStreamTest.getCipher(AbstractCryptoStreamTest.java:301)
	at org.apache.commons.crypto.stream.AbstractCryptoStreamTest.doReadWriteTestForInputStream(AbstractCryptoStreamTest.java:336)
	at org.apache.commons.crypto.stream.AbstractCryptoStreamTest.doReadWriteTest(AbstractCryptoStreamTest.java:329)
	at org.apache.commons.crypto.stream.AbstractCryptoStreamTest.testReadWrite(AbstractCryptoStreamTest.java:312)
	at sun.reflect.NativeMethodAccessorImpl.invoke0(Native Method)
	at sun.reflect.NativeMethodAccessorImpl.invoke(NativeMethodAccessorImpl.java:62)
	at sun.reflect.DelegatingMethodAccessorImpl.invoke(DelegatingMethodAccessorImpl.java:43)
	at java.lang.reflect.Method.invoke(Method.java:498)
	at org.junit.runners.model.FrameworkMethod$1.runReflectiveCall(FrameworkMethod.java:47)
	at org.junit.internal.runners.model.ReflectiveCallable.run(ReflectiveCallable.java:12)
	at org.junit.runners.model.FrameworkMethod.invokeExplosively(FrameworkMethod.java:44)
	at org.junit.internal.runners.statements.InvokeMethod.evaluate(InvokeMethod.java:17)
	at org.junit.internal.runners.statements.RunBefores.evaluate(RunBefores.java:26)
	at org.junit.runners.ParentRunner.runLeaf(ParentRunner.java:271)
	at org.junit.runners.BlockJUnit4ClassRunner.runChild(BlockJUnit4ClassRunner.java:70)
	at org.junit.runners.BlockJUnit4ClassRunner.runChild(BlockJUnit4ClassRunner.java:50)
	at org.junit.runners.ParentRunner$3.run(ParentRunner.java:238)
	at org.junit.runners.ParentRunner$1.schedule(ParentRunner.java:63)
	at org.junit.runners.ParentRunner.runChildren(ParentRunner.java:236)
	at org.junit.runners.ParentRunner.access$000(ParentRunner.java:53)
	at org.junit.runners.ParentRunner$2.evaluate(ParentRunner.java:229)
	at org.junit.runners.ParentRunner.run(ParentRunner.java:309)
	at junit.framework.JUnit4TestAdapter.run(JUnit4TestAdapter.java:38)
	at org.apache.tools.ant.taskdefs.optional.junit.JUnitTestRunner.run(JUnitTestRunner.java:520)
	at org.apache.tools.ant.taskdefs.optional.junit.JUnitTask.executeInVM(JUnitTask.java:1484)
	at org.apache.tools.ant.taskdefs.optional.junit.JUnitTask.execute(JUnitTask.java:872)
	at org.apache.tools.ant.taskdefs.optional.junit.JUnitTask.executeOrQueue(JUnitTask.java:1972)
	at org.apache.tools.ant.taskdefs.optional.junit.JUnitTask.execute1(JUnitTask.java:824)
	at org.apache.tools.ant.taskdefs.optional.junit.JUnitTask.execute(JUnitTask.java:2277)
	at org.apache.tools.ant.UnknownElement.execute(UnknownElement.java:291)
	at sun.reflect.GeneratedMethodAccessor4.invoke(Unknown Source)
	at sun.reflect.DelegatingMethodAccessorImpl.invoke(DelegatingMethodAccessorImpl.java:43)
	at java.lang.reflect.Method.invoke(Method.java:498)
	at org.apache.tools.ant.dispatch.DispatchUtils.execute(DispatchUtils.java:106)
	at org.apache.tools.ant.Task.perform(Task.java:348)
	at org.apache.tools.ant.Target.execute(Target.java:392)
	at org.apache.tools.ant.Target.performTasks(Target.java:413)
	at org.apache.tools.ant.Project.executeSortedTargets(Project.java:1399)
	at org.apache.tools.ant.Project.executeTarget(Project.java:1368)
	at org.apache.tools.ant.helper.DefaultExecutor.executeTargets(DefaultExecutor.java:41)
	at org.apache.tools.ant.Project.executeTargets(Project.java:1251)
	at org.apache.tools.ant.Main.runBuild(Main.java:811)
	at org.apache.tools.ant.Main.startAnt(Main.java:217)
	at org.apache.tools.ant.launch.Launcher.run(Launcher.java:280)
	at org.apache.tools.ant.launch.Launcher.main(Launcher.java:109)
Caused by: java.lang.reflect.InvocationTargetException
	at sun.reflect.NativeConstructorAccessorImpl.newInstance0(Native Method)
	at sun.reflect.NativeConstructorAccessorImpl.newInstance(NativeConstructorAccessorImpl.java:62)
	at sun.reflect.DelegatingConstructorAccessorImpl.newInstance(DelegatingConstructorAccessorImpl.java:45)
	at java.lang.reflect.Constructor.newInstance(Constructor.java:423)
	at org.apache.commons.crypto.utils.ReflectionUtils.newInstance(ReflectionUtils.java:82)
	... 45 more
Caused by: java.lang.UnsatisfiedLinkError: org.apache.commons.crypto.cipher.OpensslNative.initContext(II)J
	at org.apache.commons.crypto.cipher.OpensslNative.initContext(Native Method)
	at org.apache.commons.crypto.cipher.Openssl.getInstance(Openssl.java:128)
	at org.apache.commons.crypto.cipher.OpensslCipher.<init>(OpensslCipher.java:56)
	... 50 more
--- org.apache.commons.crypto.stream.CBCPKCS5PaddingCryptoStreamTest::testByteBufferWrite
java.lang.RuntimeException: java.lang.reflect.InvocationTargetException
	at org.apache.commons.crypto.utils.ReflectionUtils.newInstance(ReflectionUtils.java:84)
	at org.apache.commons.crypto.stream.AbstractCryptoStreamTest.getCipher(AbstractCryptoStreamTest.java:301)
	at org.apache.commons.crypto.stream.AbstractCryptoStreamTest.doByteBufferWrite(AbstractCryptoStreamTest.java:198)
	at org.apache.commons.crypto.stream.AbstractCryptoStreamTest.testByteBufferWrite(AbstractCryptoStreamTest.java:100)
	at sun.reflect.NativeMethodAccessorImpl.invoke0(Native Method)
	at sun.reflect.NativeMethodAccessorImpl.invoke(NativeMethodAccessorImpl.java:62)
	at sun.reflect.DelegatingMethodAccessorImpl.invoke(DelegatingMethodAccessorImpl.java:43)
	at java.lang.reflect.Method.invoke(Method.java:498)
	at org.junit.runners.model.FrameworkMethod$1.runReflectiveCall(FrameworkMethod.java:47)
	at org.junit.internal.runners.model.ReflectiveCallable.run(ReflectiveCallable.java:12)
	at org.junit.runners.model.FrameworkMethod.invokeExplosively(FrameworkMethod.java:44)
	at org.junit.internal.runners.statements.InvokeMethod.evaluate(InvokeMethod.java:17)
	at org.junit.internal.runners.statements.FailOnTimeout$StatementThread.run(FailOnTimeout.java:74)
Caused by: java.lang.reflect.InvocationTargetException
	at sun.reflect.NativeConstructorAccessorImpl.newInstance0(Native Method)
	at sun.reflect.NativeConstructorAccessorImpl.newInstance(NativeConstructorAccessorImpl.java:62)
	at sun.reflect.DelegatingConstructorAccessorImpl.newInstance(DelegatingConstructorAccessorImpl.java:45)
	at java.lang.reflect.Constructor.newInstance(Constructor.java:423)
	at org.apache.commons.crypto.utils.ReflectionUtils.newInstance(ReflectionUtils.java:82)
	... 12 more
Caused by: java.lang.UnsatisfiedLinkError: org.apache.commons.crypto.cipher.OpensslNative.initContext(II)J
	at org.apache.commons.crypto.cipher.OpensslNative.initContext(Native Method)
	at org.apache.commons.crypto.cipher.Openssl.getInstance(Openssl.java:128)
	at org.apache.commons.crypto.cipher.OpensslCipher.<init>(OpensslCipher.java:56)
	... 17 more
--- org.apache.commons.crypto.stream.CTRCryptoStreamTest::testSkip
java.lang.RuntimeException: java.lang.reflect.InvocationTargetException
	at org.apache.commons.crypto.utils.ReflectionUtils.newInstance(ReflectionUtils.java:84)
	at org.apache.commons.crypto.stream.AbstractCryptoStreamTest.getCipher(AbstractCryptoStreamTest.java:301)
	at org.apache.commons.crypto.stream.AbstractCryptoStreamTest.doSkipTest(AbstractCryptoStreamTest.java:107)
	at org.apache.commons.crypto.stream.AbstractCryptoStreamTest.testSkip(AbstractCryptoStreamTest.java:79)
	at sun.reflect.NativeMethodAccessorImpl.invoke0(Native Method)
	at sun.reflect.NativeMethodAccessorImpl.invoke(NativeMethodAccessorImpl.java:62)
	at sun.reflect.DelegatingMethodAccessorImpl.invoke(DelegatingMethodAccessorImpl.java:43)
	at java.lang.reflect.Method.invoke(Method.java:498)
	at org.junit.runners.model.FrameworkMethod$1.runReflectiveCall(FrameworkMethod.java:47)
	at org.junit.internal.runners.model.ReflectiveCallable.run(ReflectiveCallable.java:12)
	at org.junit.runners.model.FrameworkMethod.invokeExplosively(FrameworkMethod.java:44)
	at org.junit.internal.runners.statements.InvokeMethod.evaluate(InvokeMethod.java:17)
	at org.junit.internal.runners.statements.FailOnTimeout$StatementThread.run(FailOnTimeout.java:74)
Caused by: java.lang.reflect.InvocationTargetException
	at sun.reflect.NativeConstructorAccessorImpl.newInstance0(Native Method)
	at sun.reflect.NativeConstructorAccessorImpl.newInstance(NativeConstructorAccessorImpl.java:62)
	at sun.reflect.DelegatingConstructorAccessorImpl.newInstance(DelegatingConstructorAccessorImpl.java:45)
	at java.lang.reflect.Constructor.newInstance(Constructor.java:423)
	at org.apache.commons.crypto.utils.ReflectionUtils.newInstance(ReflectionUtils.java:82)
	... 12 more
Caused by: java.lang.UnsatisfiedLinkError: org.apache.commons.crypto.cipher.OpensslNative.initContext(II)J
	at org.apache.commons.crypto.cipher.OpensslNative.initContext(Native Method)
	at org.apache.commons.crypto.cipher.Openssl.getInstance(Openssl.java:128)
	at org.apache.commons.crypto.cipher.OpensslCipher.<init>(OpensslCipher.java:56)
	... 17 more
--- org.apache.commons.crypto.stream.CTRCryptoStreamTest::testReadWrite
java.lang.RuntimeException: java.lang.reflect.InvocationTargetException
	at org.apache.commons.crypto.utils.ReflectionUtils.newInstance(ReflectionUtils.java:84)
	at org.apache.commons.crypto.stream.AbstractCryptoStreamTest.getCipher(AbstractCryptoStreamTest.java:301)
	at org.apache.commons.crypto.stream.AbstractCryptoStreamTest.doReadWriteTestForInputStream(AbstractCryptoStreamTest.java:336)
	at org.apache.commons.crypto.stream.AbstractCryptoStreamTest.doReadWriteTest(AbstractCryptoStreamTest.java:329)
	at org.apache.commons.crypto.stream.AbstractCryptoStreamTest.testReadWrite(AbstractCryptoStreamTest.java:312)
	at sun.reflect.NativeMethodAccessorImpl.invoke0(Native Method)
	at sun.reflect.NativeMethodAccessorImpl.invoke(NativeMethodAccessorImpl.java:62)
	at sun.reflect.DelegatingMethodAccessorImpl.invoke(DelegatingMethodAccessorImpl.java:43)
	at java.lang.reflect.Method.invoke(Method.java:498)
	at org.junit.runners.model.FrameworkMethod$1.runReflectiveCall(FrameworkMethod.java:47)
	at org.junit.internal.runners.model.ReflectiveCallable.run(ReflectiveCallable.java:12)
	at org.junit.runners.model.FrameworkMethod.invokeExplosively(FrameworkMethod.java:44)
	at org.junit.internal.runners.statements.InvokeMethod.evaluate(InvokeMethod.java:17)
	at org.junit.internal.runners.statements.RunBefores.evaluate(RunBefores.java:26)
	at org.junit.runners.ParentRunner.runLeaf(ParentRunner.java:271)
	at org.junit.runners.BlockJUnit4ClassRunner.runChild(BlockJUnit4ClassRunner.java:70)
	at org.junit.runners.BlockJUnit4ClassRunner.runChild(BlockJUnit4ClassRunner.java:50)
	at org.junit.runners.ParentRunner$3.run(ParentRunner.java:238)
	at org.junit.runners.ParentRunner$1.schedule(ParentRunner.java:63)
	at org.junit.runners.ParentRunner.runChildren(ParentRunner.java:236)
	at org.junit.runners.ParentRunner.access$000(ParentRunner.java:53)
	at org.junit.runners.ParentRunner$2.evaluate(ParentRunner.java:229)
	at org.junit.runners.ParentRunner.run(ParentRunner.java:309)
	at junit.framework.JUnit4TestAdapter.run(JUnit4TestAdapter.java:38)
	at org.apache.tools.ant.taskdefs.optional.junit.JUnitTestRunner.run(JUnitTestRunner.java:520)
	at org.apache.tools.ant.taskdefs.optional.junit.JUnitTask.executeInVM(JUnitTask.java:1484)
	at org.apache.tools.ant.taskdefs.optional.junit.JUnitTask.execute(JUnitTask.java:872)
	at org.apache.tools.ant.taskdefs.optional.junit.JUnitTask.executeOrQueue(JUnitTask.java:1972)
	at org.apache.tools.ant.taskdefs.optional.junit.JUnitTask.execute1(JUnitTask.java:824)
	at org.apache.tools.ant.taskdefs.optional.junit.JUnitTask.execute(JUnitTask.java:2277)
	at org.apache.tools.ant.UnknownElement.execute(UnknownElement.java:291)
	at sun.reflect.GeneratedMethodAccessor4.invoke(Unknown Source)
	at sun.reflect.DelegatingMethodAccessorImpl.invoke(DelegatingMethodAccessorImpl.java:43)
	at java.lang.reflect.Method.invoke(Method.java:498)
	at org.apache.tools.ant.dispatch.DispatchUtils.execute(DispatchUtils.java:106)
	at org.apache.tools.ant.Task.perform(Task.java:348)
	at org.apache.tools.ant.Target.execute(Target.java:392)
	at org.apache.tools.ant.Target.performTasks(Target.java:413)
	at org.apache.tools.ant.Project.executeSortedTargets(Project.java:1399)
	at org.apache.tools.ant.Project.executeTarget(Project.java:1368)
	at org.apache.tools.ant.helper.DefaultExecutor.executeTargets(DefaultExecutor.java:41)
	at org.apache.tools.ant.Project.executeTargets(Project.java:1251)
	at org.apache.tools.ant.Main.runBuild(Main.java:811)
	at org.apache.tools.ant.Main.startAnt(Main.java:217)
	at org.apache.tools.ant.launch.Launcher.run(Launcher.java:280)
	at org.apache.tools.ant.launch.Launcher.main(Launcher.java:109)
Caused by: java.lang.reflect.InvocationTargetException
	at sun.reflect.NativeConstructorAccessorImpl.newInstance0(Native Method)
	at sun.reflect.NativeConstructorAccessorImpl.newInstance(NativeConstructorAccessorImpl.java:62)
	at sun.reflect.DelegatingConstructorAccessorImpl.newInstance(DelegatingConstructorAccessorImpl.java:45)
	at java.lang.reflect.Constructor.newInstance(Constructor.java:423)
	at org.apache.commons.crypto.utils.ReflectionUtils.newInstance(ReflectionUtils.java:82)
	... 45 more
Caused by: java.lang.UnsatisfiedLinkError: org.apache.commons.crypto.cipher.OpensslNative.initContext(II)J
	at org.apache.commons.crypto.cipher.OpensslNative.initContext(Native Method)
	at org.apache.commons.crypto.cipher.Openssl.getInstance(Openssl.java:128)
	at org.apache.commons.crypto.cipher.OpensslCipher.<init>(OpensslCipher.java:56)
	... 50 more
--- org.apache.commons.crypto.stream.CTRCryptoStreamTest::testByteBufferWrite
java.lang.RuntimeException: java.lang.reflect.InvocationTargetException
	at org.apache.commons.crypto.utils.ReflectionUtils.newInstance(ReflectionUtils.java:84)
	at org.apache.commons.crypto.stream.AbstractCryptoStreamTest.getCipher(AbstractCryptoStreamTest.java:301)
	at org.apache.commons.crypto.stream.AbstractCryptoStreamTest.doByteBufferWrite(AbstractCryptoStreamTest.java:198)
	at org.apache.commons.crypto.stream.AbstractCryptoStreamTest.testByteBufferWrite(AbstractCryptoStreamTest.java:100)
	at sun.reflect.NativeMethodAccessorImpl.invoke0(Native Method)
	at sun.reflect.NativeMethodAccessorImpl.invoke(NativeMethodAccessorImpl.java:62)
	at sun.reflect.DelegatingMethodAccessorImpl.invoke(DelegatingMethodAccessorImpl.java:43)
	at java.lang.reflect.Method.invoke(Method.java:498)
	at org.junit.runners.model.FrameworkMethod$1.runReflectiveCall(FrameworkMethod.java:47)
	at org.junit.internal.runners.model.ReflectiveCallable.run(ReflectiveCallable.java:12)
	at org.junit.runners.model.FrameworkMethod.invokeExplosively(FrameworkMethod.java:44)
	at org.junit.internal.runners.statements.InvokeMethod.evaluate(InvokeMethod.java:17)
	at org.junit.internal.runners.statements.FailOnTimeout$StatementThread.run(FailOnTimeout.java:74)
Caused by: java.lang.reflect.InvocationTargetException
	at sun.reflect.NativeConstructorAccessorImpl.newInstance0(Native Method)
	at sun.reflect.NativeConstructorAccessorImpl.newInstance(NativeConstructorAccessorImpl.java:62)
	at sun.reflect.DelegatingConstructorAccessorImpl.newInstance(DelegatingConstructorAccessorImpl.java:45)
	at java.lang.reflect.Constructor.newInstance(Constructor.java:423)
	at org.apache.commons.crypto.utils.ReflectionUtils.newInstance(ReflectionUtils.java:82)
	... 12 more
Caused by: java.lang.UnsatisfiedLinkError: org.apache.commons.crypto.cipher.OpensslNative.initContext(II)J
	at org.apache.commons.crypto.cipher.OpensslNative.initContext(Native Method)
	at org.apache.commons.crypto.cipher.Openssl.getInstance(Openssl.java:128)
	at org.apache.commons.crypto.cipher.OpensslCipher.<init>(OpensslCipher.java:56)
	... 17 more
--- org.apache.commons.crypto.stream.CTRNoPaddingCryptoStreamTest::testSkip
java.lang.RuntimeException: java.lang.reflect.InvocationTargetException
	at org.apache.commons.crypto.utils.ReflectionUtils.newInstance(ReflectionUtils.java:84)
	at org.apache.commons.crypto.stream.AbstractCryptoStreamTest.getCipher(AbstractCryptoStreamTest.java:301)
	at org.apache.commons.crypto.stream.AbstractCryptoStreamTest.doSkipTest(AbstractCryptoStreamTest.java:107)
	at org.apache.commons.crypto.stream.AbstractCryptoStreamTest.testSkip(AbstractCryptoStreamTest.java:79)
	at sun.reflect.NativeMethodAccessorImpl.invoke0(Native Method)
	at sun.reflect.NativeMethodAccessorImpl.invoke(NativeMethodAccessorImpl.java:62)
	at sun.reflect.DelegatingMethodAccessorImpl.invoke(DelegatingMethodAccessorImpl.java:43)
	at java.lang.reflect.Method.invoke(Method.java:498)
	at org.junit.runners.model.FrameworkMethod$1.runReflectiveCall(FrameworkMethod.java:47)
	at org.junit.internal.runners.model.ReflectiveCallable.run(ReflectiveCallable.java:12)
	at org.junit.runners.model.FrameworkMethod.invokeExplosively(FrameworkMethod.java:44)
	at org.junit.internal.runners.statements.InvokeMethod.evaluate(InvokeMethod.java:17)
	at org.junit.internal.runners.statements.FailOnTimeout$StatementThread.run(FailOnTimeout.java:74)
Caused by: java.lang.reflect.InvocationTargetException
	at sun.reflect.NativeConstructorAccessorImpl.newInstance0(Native Method)
	at sun.reflect.NativeConstructorAccessorImpl.newInstance(NativeConstructorAccessorImpl.java:62)
	at sun.reflect.DelegatingConstructorAccessorImpl.newInstance(DelegatingConstructorAccessorImpl.java:45)
	at java.lang.reflect.Constructor.newInstance(Constructor.java:423)
	at org.apache.commons.crypto.utils.ReflectionUtils.newInstance(ReflectionUtils.java:82)
	... 12 more
Caused by: java.lang.UnsatisfiedLinkError: org.apache.commons.crypto.cipher.OpensslNative.initContext(II)J
	at org.apache.commons.crypto.cipher.OpensslNative.initContext(Native Method)
	at org.apache.commons.crypto.cipher.Openssl.getInstance(Openssl.java:128)
	at org.apache.commons.crypto.cipher.OpensslCipher.<init>(OpensslCipher.java:56)
	... 17 more
--- org.apache.commons.crypto.stream.CTRNoPaddingCryptoStreamTest::testReadWrite
java.lang.RuntimeException: java.lang.reflect.InvocationTargetException
	at org.apache.commons.crypto.utils.ReflectionUtils.newInstance(ReflectionUtils.java:84)
	at org.apache.commons.crypto.stream.AbstractCryptoStreamTest.getCipher(AbstractCryptoStreamTest.java:301)
	at org.apache.commons.crypto.stream.AbstractCryptoStreamTest.doReadWriteTestForInputStream(AbstractCryptoStreamTest.java:336)
	at org.apache.commons.crypto.stream.AbstractCryptoStreamTest.doReadWriteTest(AbstractCryptoStreamTest.java:329)
	at org.apache.commons.crypto.stream.AbstractCryptoStreamTest.testReadWrite(AbstractCryptoStreamTest.java:312)
	at sun.reflect.NativeMethodAccessorImpl.invoke0(Native Method)
	at sun.reflect.NativeMethodAccessorImpl.invoke(NativeMethodAccessorImpl.java:62)
	at sun.reflect.DelegatingMethodAccessorImpl.invoke(DelegatingMethodAccessorImpl.java:43)
	at java.lang.reflect.Method.invoke(Method.java:498)
	at org.junit.runners.model.FrameworkMethod$1.runReflectiveCall(FrameworkMethod.java:47)
	at org.junit.internal.runners.model.ReflectiveCallable.run(ReflectiveCallable.java:12)
	at org.junit.runners.model.FrameworkMethod.invokeExplosively(FrameworkMethod.java:44)
	at org.junit.internal.runners.statements.InvokeMethod.evaluate(InvokeMethod.java:17)
	at org.junit.internal.runners.statements.RunBefores.evaluate(RunBefores.java:26)
	at org.junit.runners.ParentRunner.runLeaf(ParentRunner.java:271)
	at org.junit.runners.BlockJUnit4ClassRunner.runChild(BlockJUnit4ClassRunner.java:70)
	at org.junit.runners.BlockJUnit4ClassRunner.runChild(BlockJUnit4ClassRunner.java:50)
	at org.junit.runners.ParentRunner$3.run(ParentRunner.java:238)
	at org.junit.runners.ParentRunner$1.schedule(ParentRunner.java:63)
	at org.junit.runners.ParentRunner.runChildren(ParentRunner.java:236)
	at org.junit.runners.ParentRunner.access$000(ParentRunner.java:53)
	at org.junit.runners.ParentRunner$2.evaluate(ParentRunner.java:229)
	at org.junit.runners.ParentRunner.run(ParentRunner.java:309)
	at junit.framework.JUnit4TestAdapter.run(JUnit4TestAdapter.java:38)
	at org.apache.tools.ant.taskdefs.optional.junit.JUnitTestRunner.run(JUnitTestRunner.java:520)
	at org.apache.tools.ant.taskdefs.optional.junit.JUnitTask.executeInVM(JUnitTask.java:1484)
	at org.apache.tools.ant.taskdefs.optional.junit.JUnitTask.execute(JUnitTask.java:872)
	at org.apache.tools.ant.taskdefs.optional.junit.JUnitTask.executeOrQueue(JUnitTask.java:1972)
	at org.apache.tools.ant.taskdefs.optional.junit.JUnitTask.execute1(JUnitTask.java:824)
	at org.apache.tools.ant.taskdefs.optional.junit.JUnitTask.execute(JUnitTask.java:2277)
	at org.apache.tools.ant.UnknownElement.execute(UnknownElement.java:291)
	at sun.reflect.GeneratedMethodAccessor4.invoke(Unknown Source)
	at sun.reflect.DelegatingMethodAccessorImpl.invoke(DelegatingMethodAccessorImpl.java:43)
	at java.lang.reflect.Method.invoke(Method.java:498)
	at org.apache.tools.ant.dispatch.DispatchUtils.execute(DispatchUtils.java:106)
	at org.apache.tools.ant.Task.perform(Task.java:348)
	at org.apache.tools.ant.Target.execute(Target.java:392)
	at org.apache.tools.ant.Target.performTasks(Target.java:413)
	at org.apache.tools.ant.Project.executeSortedTargets(Project.java:1399)
	at org.apache.tools.ant.Project.executeTarget(Project.java:1368)
	at org.apache.tools.ant.helper.DefaultExecutor.executeTargets(DefaultExecutor.java:41)
	at org.apache.tools.ant.Project.executeTargets(Project.java:1251)
	at org.apache.tools.ant.Main.runBuild(Main.java:811)
	at org.apache.tools.ant.Main.startAnt(Main.java:217)
	at org.apache.tools.ant.launch.Launcher.run(Launcher.java:280)
	at org.apache.tools.ant.launch.Launcher.main(Launcher.java:109)
Caused by: java.lang.reflect.InvocationTargetException
	at sun.reflect.NativeConstructorAccessorImpl.newInstance0(Native Method)
	at sun.reflect.NativeConstructorAccessorImpl.newInstance(NativeConstructorAccessorImpl.java:62)
	at sun.reflect.DelegatingConstructorAccessorImpl.newInstance(DelegatingConstructorAccessorImpl.java:45)
	at java.lang.reflect.Constructor.newInstance(Constructor.java:423)
	at org.apache.commons.crypto.utils.ReflectionUtils.newInstance(ReflectionUtils.java:82)
	... 45 more
Caused by: java.lang.UnsatisfiedLinkError: org.apache.commons.crypto.cipher.OpensslNative.initContext(II)J
	at org.apache.commons.crypto.cipher.OpensslNative.initContext(Native Method)
	at org.apache.commons.crypto.cipher.Openssl.getInstance(Openssl.java:128)
	at org.apache.commons.crypto.cipher.OpensslCipher.<init>(OpensslCipher.java:56)
	... 50 more
--- org.apache.commons.crypto.stream.CTRNoPaddingCryptoStreamTest::testByteBufferWrite
java.lang.RuntimeException: java.lang.reflect.InvocationTargetException
	at org.apache.commons.crypto.utils.ReflectionUtils.newInstance(ReflectionUtils.java:84)
	at org.apache.commons.crypto.stream.AbstractCryptoStreamTest.getCipher(AbstractCryptoStreamTest.java:301)
	at org.apache.commons.crypto.stream.AbstractCryptoStreamTest.doByteBufferWrite(AbstractCryptoStreamTest.java:198)
	at org.apache.commons.crypto.stream.AbstractCryptoStreamTest.testByteBufferWrite(AbstractCryptoStreamTest.java:100)
	at sun.reflect.NativeMethodAccessorImpl.invoke0(Native Method)
	at sun.reflect.NativeMethodAccessorImpl.invoke(NativeMethodAccessorImpl.java:62)
	at sun.reflect.DelegatingMethodAccessorImpl.invoke(DelegatingMethodAccessorImpl.java:43)
	at java.lang.reflect.Method.invoke(Method.java:498)
	at org.junit.runners.model.FrameworkMethod$1.runReflectiveCall(FrameworkMethod.java:47)
	at org.junit.internal.runners.model.ReflectiveCallable.run(ReflectiveCallable.java:12)
	at org.junit.runners.model.FrameworkMethod.invokeExplosively(FrameworkMethod.java:44)
	at org.junit.internal.runners.statements.InvokeMethod.evaluate(InvokeMethod.java:17)
	at org.junit.internal.runners.statements.FailOnTimeout$StatementThread.run(FailOnTimeout.java:74)
Caused by: java.lang.reflect.InvocationTargetException
	at sun.reflect.NativeConstructorAccessorImpl.newInstance0(Native Method)
	at sun.reflect.NativeConstructorAccessorImpl.newInstance(NativeConstructorAccessorImpl.java:62)
	at sun.reflect.DelegatingConstructorAccessorImpl.newInstance(DelegatingConstructorAccessorImpl.java:45)
	at java.lang.reflect.Constructor.newInstance(Constructor.java:423)
	at org.apache.commons.crypto.utils.ReflectionUtils.newInstance(ReflectionUtils.java:82)
	... 12 more
Caused by: java.lang.UnsatisfiedLinkError: org.apache.commons.crypto.cipher.OpensslNative.initContext(II)J
	at org.apache.commons.crypto.cipher.OpensslNative.initContext(Native Method)
	at org.apache.commons.crypto.cipher.Openssl.getInstance(Openssl.java:128)
	at org.apache.commons.crypto.cipher.OpensslCipher.<init>(OpensslCipher.java:56)
	... 17 more
## commons-crypto: 7cefbf2a69ec133aa327f93d40dc307ee80df8b5 ##
--- org.apache.commons.crypto.stream.CBCNoPaddingCryptoStreamTest::testSkip
java.lang.RuntimeException: java.lang.reflect.InvocationTargetException
	at org.apache.commons.crypto.utils.ReflectionUtils.newInstance(ReflectionUtils.java:84)
	at org.apache.commons.crypto.stream.AbstractCryptoStreamTest.getCipher(AbstractCryptoStreamTest.java:301)
	at org.apache.commons.crypto.stream.AbstractCryptoStreamTest.doSkipTest(AbstractCryptoStreamTest.java:107)
	at org.apache.commons.crypto.stream.AbstractCryptoStreamTest.testSkip(AbstractCryptoStreamTest.java:79)
	at sun.reflect.NativeMethodAccessorImpl.invoke0(Native Method)
	at sun.reflect.NativeMethodAccessorImpl.invoke(NativeMethodAccessorImpl.java:62)
	at sun.reflect.DelegatingMethodAccessorImpl.invoke(DelegatingMethodAccessorImpl.java:43)
	at java.lang.reflect.Method.invoke(Method.java:498)
	at org.junit.runners.model.FrameworkMethod$1.runReflectiveCall(FrameworkMethod.java:47)
	at org.junit.internal.runners.model.ReflectiveCallable.run(ReflectiveCallable.java:12)
	at org.junit.runners.model.FrameworkMethod.invokeExplosively(FrameworkMethod.java:44)
	at org.junit.internal.runners.statements.InvokeMethod.evaluate(InvokeMethod.java:17)
	at org.junit.internal.runners.statements.FailOnTimeout$StatementThread.run(FailOnTimeout.java:74)
Caused by: java.lang.reflect.InvocationTargetException
	at sun.reflect.NativeConstructorAccessorImpl.newInstance0(Native Method)
	at sun.reflect.NativeConstructorAccessorImpl.newInstance(NativeConstructorAccessorImpl.java:62)
	at sun.reflect.DelegatingConstructorAccessorImpl.newInstance(DelegatingConstructorAccessorImpl.java:45)
	at java.lang.reflect.Constructor.newInstance(Constructor.java:423)
	at org.apache.commons.crypto.utils.ReflectionUtils.newInstance(ReflectionUtils.java:82)
	... 12 more
Caused by: java.lang.UnsatisfiedLinkError: org.apache.commons.crypto.cipher.OpensslNative.initContext(II)J
	at org.apache.commons.crypto.cipher.OpensslNative.initContext(Native Method)
	at org.apache.commons.crypto.cipher.Openssl.getInstance(Openssl.java:128)
	at org.apache.commons.crypto.cipher.OpensslCipher.<init>(OpensslCipher.java:56)
	... 17 more
--- org.apache.commons.crypto.stream.CBCNoPaddingCryptoStreamTest::testReadWrite
java.lang.RuntimeException: java.lang.reflect.InvocationTargetException
	at org.apache.commons.crypto.utils.ReflectionUtils.newInstance(ReflectionUtils.java:84)
	at org.apache.commons.crypto.stream.AbstractCryptoStreamTest.getCipher(AbstractCryptoStreamTest.java:301)
	at org.apache.commons.crypto.stream.AbstractCryptoStreamTest.doReadWriteTestForInputStream(AbstractCryptoStreamTest.java:336)
	at org.apache.commons.crypto.stream.AbstractCryptoStreamTest.doReadWriteTest(AbstractCryptoStreamTest.java:329)
	at org.apache.commons.crypto.stream.AbstractCryptoStreamTest.testReadWrite(AbstractCryptoStreamTest.java:312)
	at sun.reflect.NativeMethodAccessorImpl.invoke0(Native Method)
	at sun.reflect.NativeMethodAccessorImpl.invoke(NativeMethodAccessorImpl.java:62)
	at sun.reflect.DelegatingMethodAccessorImpl.invoke(DelegatingMethodAccessorImpl.java:43)
	at java.lang.reflect.Method.invoke(Method.java:498)
	at org.junit.runners.model.FrameworkMethod$1.runReflectiveCall(FrameworkMethod.java:47)
	at org.junit.internal.runners.model.ReflectiveCallable.run(ReflectiveCallable.java:12)
	at org.junit.runners.model.FrameworkMethod.invokeExplosively(FrameworkMethod.java:44)
	at org.junit.internal.runners.statements.InvokeMethod.evaluate(InvokeMethod.java:17)
	at org.junit.internal.runners.statements.RunBefores.evaluate(RunBefores.java:26)
	at org.junit.runners.ParentRunner.runLeaf(ParentRunner.java:271)
	at org.junit.runners.BlockJUnit4ClassRunner.runChild(BlockJUnit4ClassRunner.java:70)
	at org.junit.runners.BlockJUnit4ClassRunner.runChild(BlockJUnit4ClassRunner.java:50)
	at org.junit.runners.ParentRunner$3.run(ParentRunner.java:238)
	at org.junit.runners.ParentRunner$1.schedule(ParentRunner.java:63)
	at org.junit.runners.ParentRunner.runChildren(ParentRunner.java:236)
	at org.junit.runners.ParentRunner.access$000(ParentRunner.java:53)
	at org.junit.runners.ParentRunner$2.evaluate(ParentRunner.java:229)
	at org.junit.runners.ParentRunner.run(ParentRunner.java:309)
	at junit.framework.JUnit4TestAdapter.run(JUnit4TestAdapter.java:38)
	at org.apache.tools.ant.taskdefs.optional.junit.JUnitTestRunner.run(JUnitTestRunner.java:520)
	at org.apache.tools.ant.taskdefs.optional.junit.JUnitTask.executeInVM(JUnitTask.java:1484)
	at org.apache.tools.ant.taskdefs.optional.junit.JUnitTask.execute(JUnitTask.java:872)
	at org.apache.tools.ant.taskdefs.optional.junit.JUnitTask.executeOrQueue(JUnitTask.java:1972)
	at org.apache.tools.ant.taskdefs.optional.junit.JUnitTask.execute1(JUnitTask.java:824)
	at org.apache.tools.ant.taskdefs.optional.junit.JUnitTask.execute(JUnitTask.java:2277)
	at org.apache.tools.ant.UnknownElement.execute(UnknownElement.java:291)
	at sun.reflect.GeneratedMethodAccessor4.invoke(Unknown Source)
	at sun.reflect.DelegatingMethodAccessorImpl.invoke(DelegatingMethodAccessorImpl.java:43)
	at java.lang.reflect.Method.invoke(Method.java:498)
	at org.apache.tools.ant.dispatch.DispatchUtils.execute(DispatchUtils.java:106)
	at org.apache.tools.ant.Task.perform(Task.java:348)
	at org.apache.tools.ant.Target.execute(Target.java:392)
	at org.apache.tools.ant.Target.performTasks(Target.java:413)
	at org.apache.tools.ant.Project.executeSortedTargets(Project.java:1399)
	at org.apache.tools.ant.Project.executeTarget(Project.java:1368)
	at org.apache.tools.ant.helper.DefaultExecutor.executeTargets(DefaultExecutor.java:41)
	at org.apache.tools.ant.Project.executeTargets(Project.java:1251)
	at org.apache.tools.ant.Main.runBuild(Main.java:811)
	at org.apache.tools.ant.Main.startAnt(Main.java:217)
	at org.apache.tools.ant.launch.Launcher.run(Launcher.java:280)
	at org.apache.tools.ant.launch.Launcher.main(Launcher.java:109)
Caused by: java.lang.reflect.InvocationTargetException
	at sun.reflect.NativeConstructorAccessorImpl.newInstance0(Native Method)
	at sun.reflect.NativeConstructorAccessorImpl.newInstance(NativeConstructorAccessorImpl.java:62)
	at sun.reflect.DelegatingConstructorAccessorImpl.newInstance(DelegatingConstructorAccessorImpl.java:45)
	at java.lang.reflect.Constructor.newInstance(Constructor.java:423)
	at org.apache.commons.crypto.utils.ReflectionUtils.newInstance(ReflectionUtils.java:82)
	... 45 more
Caused by: java.lang.UnsatisfiedLinkError: org.apache.commons.crypto.cipher.OpensslNative.initContext(II)J
	at org.apache.commons.crypto.cipher.OpensslNative.initContext(Native Method)
	at org.apache.commons.crypto.cipher.Openssl.getInstance(Openssl.java:128)
	at org.apache.commons.crypto.cipher.OpensslCipher.<init>(OpensslCipher.java:56)
	... 50 more
--- org.apache.commons.crypto.stream.CBCPKCS5PaddingCryptoStreamTest::testSkip
java.lang.RuntimeException: java.lang.reflect.InvocationTargetException
	at org.apache.commons.crypto.utils.ReflectionUtils.newInstance(ReflectionUtils.java:84)
	at org.apache.commons.crypto.stream.AbstractCryptoStreamTest.getCipher(AbstractCryptoStreamTest.java:301)
	at org.apache.commons.crypto.stream.AbstractCryptoStreamTest.doSkipTest(AbstractCryptoStreamTest.java:107)
	at org.apache.commons.crypto.stream.AbstractCryptoStreamTest.testSkip(AbstractCryptoStreamTest.java:79)
	at sun.reflect.NativeMethodAccessorImpl.invoke0(Native Method)
	at sun.reflect.NativeMethodAccessorImpl.invoke(NativeMethodAccessorImpl.java:62)
	at sun.reflect.DelegatingMethodAccessorImpl.invoke(DelegatingMethodAccessorImpl.java:43)
	at java.lang.reflect.Method.invoke(Method.java:498)
	at org.junit.runners.model.FrameworkMethod$1.runReflectiveCall(FrameworkMethod.java:47)
	at org.junit.internal.runners.model.ReflectiveCallable.run(ReflectiveCallable.java:12)
	at org.junit.runners.model.FrameworkMethod.invokeExplosively(FrameworkMethod.java:44)
	at org.junit.internal.runners.statements.InvokeMethod.evaluate(InvokeMethod.java:17)
	at org.junit.internal.runners.statements.FailOnTimeout$StatementThread.run(FailOnTimeout.java:74)
Caused by: java.lang.reflect.InvocationTargetException
	at sun.reflect.NativeConstructorAccessorImpl.newInstance0(Native Method)
	at sun.reflect.NativeConstructorAccessorImpl.newInstance(NativeConstructorAccessorImpl.java:62)
	at sun.reflect.DelegatingConstructorAccessorImpl.newInstance(DelegatingConstructorAccessorImpl.java:45)
	at java.lang.reflect.Constructor.newInstance(Constructor.java:423)
	at org.apache.commons.crypto.utils.ReflectionUtils.newInstance(ReflectionUtils.java:82)
	... 12 more
Caused by: java.lang.UnsatisfiedLinkError: org.apache.commons.crypto.cipher.OpensslNative.initContext(II)J
	at org.apache.commons.crypto.cipher.OpensslNative.initContext(Native Method)
	at org.apache.commons.crypto.cipher.Openssl.getInstance(Openssl.java:128)
	at org.apache.commons.crypto.cipher.OpensslCipher.<init>(OpensslCipher.java:56)
	... 17 more
--- org.apache.commons.crypto.stream.CBCPKCS5PaddingCryptoStreamTest::testReadWrite
java.lang.RuntimeException: java.lang.reflect.InvocationTargetException
	at org.apache.commons.crypto.utils.ReflectionUtils.newInstance(ReflectionUtils.java:84)
	at org.apache.commons.crypto.stream.AbstractCryptoStreamTest.getCipher(AbstractCryptoStreamTest.java:301)
	at org.apache.commons.crypto.stream.AbstractCryptoStreamTest.doReadWriteTestForInputStream(AbstractCryptoStreamTest.java:336)
	at org.apache.commons.crypto.stream.AbstractCryptoStreamTest.doReadWriteTest(AbstractCryptoStreamTest.java:329)
	at org.apache.commons.crypto.stream.AbstractCryptoStreamTest.testReadWrite(AbstractCryptoStreamTest.java:312)
	at sun.reflect.NativeMethodAccessorImpl.invoke0(Native Method)
	at sun.reflect.NativeMethodAccessorImpl.invoke(NativeMethodAccessorImpl.java:62)
	at sun.reflect.DelegatingMethodAccessorImpl.invoke(DelegatingMethodAccessorImpl.java:43)
	at java.lang.reflect.Method.invoke(Method.java:498)
	at org.junit.runners.model.FrameworkMethod$1.runReflectiveCall(FrameworkMethod.java:47)
	at org.junit.internal.runners.model.ReflectiveCallable.run(ReflectiveCallable.java:12)
	at org.junit.runners.model.FrameworkMethod.invokeExplosively(FrameworkMethod.java:44)
	at org.junit.internal.runners.statements.InvokeMethod.evaluate(InvokeMethod.java:17)
	at org.junit.internal.runners.statements.RunBefores.evaluate(RunBefores.java:26)
	at org.junit.runners.ParentRunner.runLeaf(ParentRunner.java:271)
	at org.junit.runners.BlockJUnit4ClassRunner.runChild(BlockJUnit4ClassRunner.java:70)
	at org.junit.runners.BlockJUnit4ClassRunner.runChild(BlockJUnit4ClassRunner.java:50)
	at org.junit.runners.ParentRunner$3.run(ParentRunner.java:238)
	at org.junit.runners.ParentRunner$1.schedule(ParentRunner.java:63)
	at org.junit.runners.ParentRunner.runChildren(ParentRunner.java:236)
	at org.junit.runners.ParentRunner.access$000(ParentRunner.java:53)
	at org.junit.runners.ParentRunner$2.evaluate(ParentRunner.java:229)
	at org.junit.runners.ParentRunner.run(ParentRunner.java:309)
	at junit.framework.JUnit4TestAdapter.run(JUnit4TestAdapter.java:38)
	at org.apache.tools.ant.taskdefs.optional.junit.JUnitTestRunner.run(JUnitTestRunner.java:520)
	at org.apache.tools.ant.taskdefs.optional.junit.JUnitTask.executeInVM(JUnitTask.java:1484)
	at org.apache.tools.ant.taskdefs.optional.junit.JUnitTask.execute(JUnitTask.java:872)
	at org.apache.tools.ant.taskdefs.optional.junit.JUnitTask.executeOrQueue(JUnitTask.java:1972)
	at org.apache.tools.ant.taskdefs.optional.junit.JUnitTask.execute1(JUnitTask.java:824)
	at org.apache.tools.ant.taskdefs.optional.junit.JUnitTask.execute(JUnitTask.java:2277)
	at org.apache.tools.ant.UnknownElement.execute(UnknownElement.java:291)
	at sun.reflect.GeneratedMethodAccessor4.invoke(Unknown Source)
	at sun.reflect.DelegatingMethodAccessorImpl.invoke(DelegatingMethodAccessorImpl.java:43)
	at java.lang.reflect.Method.invoke(Method.java:498)
	at org.apache.tools.ant.dispatch.DispatchUtils.execute(DispatchUtils.java:106)
	at org.apache.tools.ant.Task.perform(Task.java:348)
	at org.apache.tools.ant.Target.execute(Target.java:392)
	at org.apache.tools.ant.Target.performTasks(Target.java:413)
	at org.apache.tools.ant.Project.executeSortedTargets(Project.java:1399)
	at org.apache.tools.ant.Project.executeTarget(Project.java:1368)
	at org.apache.tools.ant.helper.DefaultExecutor.executeTargets(DefaultExecutor.java:41)
	at org.apache.tools.ant.Project.executeTargets(Project.java:1251)
	at org.apache.tools.ant.Main.runBuild(Main.java:811)
	at org.apache.tools.ant.Main.startAnt(Main.java:217)
	at org.apache.tools.ant.launch.Launcher.run(Launcher.java:280)
	at org.apache.tools.ant.launch.Launcher.main(Launcher.java:109)
Caused by: java.lang.reflect.InvocationTargetException
	at sun.reflect.NativeConstructorAccessorImpl.newInstance0(Native Method)
	at sun.reflect.NativeConstructorAccessorImpl.newInstance(NativeConstructorAccessorImpl.java:62)
	at sun.reflect.DelegatingConstructorAccessorImpl.newInstance(DelegatingConstructorAccessorImpl.java:45)
	at java.lang.reflect.Constructor.newInstance(Constructor.java:423)
	at org.apache.commons.crypto.utils.ReflectionUtils.newInstance(ReflectionUtils.java:82)
	... 45 more
Caused by: java.lang.UnsatisfiedLinkError: org.apache.commons.crypto.cipher.OpensslNative.initContext(II)J
	at org.apache.commons.crypto.cipher.OpensslNative.initContext(Native Method)
	at org.apache.commons.crypto.cipher.Openssl.getInstance(Openssl.java:128)
	at org.apache.commons.crypto.cipher.OpensslCipher.<init>(OpensslCipher.java:56)
	... 50 more
--- org.apache.commons.crypto.stream.CTRCryptoStreamTest::testSkip
java.lang.RuntimeException: java.lang.reflect.InvocationTargetException
	at org.apache.commons.crypto.utils.ReflectionUtils.newInstance(ReflectionUtils.java:84)
	at org.apache.commons.crypto.stream.AbstractCryptoStreamTest.getCipher(AbstractCryptoStreamTest.java:301)
	at org.apache.commons.crypto.stream.AbstractCryptoStreamTest.doSkipTest(AbstractCryptoStreamTest.java:107)
	at org.apache.commons.crypto.stream.AbstractCryptoStreamTest.testSkip(AbstractCryptoStreamTest.java:79)
	at sun.reflect.NativeMethodAccessorImpl.invoke0(Native Method)
	at sun.reflect.NativeMethodAccessorImpl.invoke(NativeMethodAccessorImpl.java:62)
	at sun.reflect.DelegatingMethodAccessorImpl.invoke(DelegatingMethodAccessorImpl.java:43)
	at java.lang.reflect.Method.invoke(Method.java:498)
	at org.junit.runners.model.FrameworkMethod$1.runReflectiveCall(FrameworkMethod.java:47)
	at org.junit.internal.runners.model.ReflectiveCallable.run(ReflectiveCallable.java:12)
	at org.junit.runners.model.FrameworkMethod.invokeExplosively(FrameworkMethod.java:44)
	at org.junit.internal.runners.statements.InvokeMethod.evaluate(InvokeMethod.java:17)
	at org.junit.internal.runners.statements.FailOnTimeout$StatementThread.run(FailOnTimeout.java:74)
Caused by: java.lang.reflect.InvocationTargetException
	at sun.reflect.NativeConstructorAccessorImpl.newInstance0(Native Method)
	at sun.reflect.NativeConstructorAccessorImpl.newInstance(NativeConstructorAccessorImpl.java:62)
	at sun.reflect.DelegatingConstructorAccessorImpl.newInstance(DelegatingConstructorAccessorImpl.java:45)
	at java.lang.reflect.Constructor.newInstance(Constructor.java:423)
	at org.apache.commons.crypto.utils.ReflectionUtils.newInstance(ReflectionUtils.java:82)
	... 12 more
Caused by: java.lang.UnsatisfiedLinkError: org.apache.commons.crypto.cipher.OpensslNative.initContext(II)J
	at org.apache.commons.crypto.cipher.OpensslNative.initContext(Native Method)
	at org.apache.commons.crypto.cipher.Openssl.getInstance(Openssl.java:128)
	at org.apache.commons.crypto.cipher.OpensslCipher.<init>(OpensslCipher.java:56)
	... 17 more
--- org.apache.commons.crypto.stream.CTRCryptoStreamTest::testReadWrite
java.lang.RuntimeException: java.lang.reflect.InvocationTargetException
	at org.apache.commons.crypto.utils.ReflectionUtils.newInstance(ReflectionUtils.java:84)
	at org.apache.commons.crypto.stream.AbstractCryptoStreamTest.getCipher(AbstractCryptoStreamTest.java:301)
	at org.apache.commons.crypto.stream.AbstractCryptoStreamTest.doReadWriteTestForInputStream(AbstractCryptoStreamTest.java:336)
	at org.apache.commons.crypto.stream.AbstractCryptoStreamTest.doReadWriteTest(AbstractCryptoStreamTest.java:329)
	at org.apache.commons.crypto.stream.AbstractCryptoStreamTest.testReadWrite(AbstractCryptoStreamTest.java:312)
	at sun.reflect.NativeMethodAccessorImpl.invoke0(Native Method)
	at sun.reflect.NativeMethodAccessorImpl.invoke(NativeMethodAccessorImpl.java:62)
	at sun.reflect.DelegatingMethodAccessorImpl.invoke(DelegatingMethodAccessorImpl.java:43)
	at java.lang.reflect.Method.invoke(Method.java:498)
	at org.junit.runners.model.FrameworkMethod$1.runReflectiveCall(FrameworkMethod.java:47)
	at org.junit.internal.runners.model.ReflectiveCallable.run(ReflectiveCallable.java:12)
	at org.junit.runners.model.FrameworkMethod.invokeExplosively(FrameworkMethod.java:44)
	at org.junit.internal.runners.statements.InvokeMethod.evaluate(InvokeMethod.java:17)
	at org.junit.internal.runners.statements.RunBefores.evaluate(RunBefores.java:26)
	at org.junit.runners.ParentRunner.runLeaf(ParentRunner.java:271)
	at org.junit.runners.BlockJUnit4ClassRunner.runChild(BlockJUnit4ClassRunner.java:70)
	at org.junit.runners.BlockJUnit4ClassRunner.runChild(BlockJUnit4ClassRunner.java:50)
	at org.junit.runners.ParentRunner$3.run(ParentRunner.java:238)
	at org.junit.runners.ParentRunner$1.schedule(ParentRunner.java:63)
	at org.junit.runners.ParentRunner.runChildren(ParentRunner.java:236)
	at org.junit.runners.ParentRunner.access$000(ParentRunner.java:53)
	at org.junit.runners.ParentRunner$2.evaluate(ParentRunner.java:229)
	at org.junit.runners.ParentRunner.run(ParentRunner.java:309)
	at junit.framework.JUnit4TestAdapter.run(JUnit4TestAdapter.java:38)
	at org.apache.tools.ant.taskdefs.optional.junit.JUnitTestRunner.run(JUnitTestRunner.java:520)
	at org.apache.tools.ant.taskdefs.optional.junit.JUnitTask.executeInVM(JUnitTask.java:1484)
	at org.apache.tools.ant.taskdefs.optional.junit.JUnitTask.execute(JUnitTask.java:872)
	at org.apache.tools.ant.taskdefs.optional.junit.JUnitTask.executeOrQueue(JUnitTask.java:1972)
	at org.apache.tools.ant.taskdefs.optional.junit.JUnitTask.execute1(JUnitTask.java:824)
	at org.apache.tools.ant.taskdefs.optional.junit.JUnitTask.execute(JUnitTask.java:2277)
	at org.apache.tools.ant.UnknownElement.execute(UnknownElement.java:291)
	at sun.reflect.GeneratedMethodAccessor4.invoke(Unknown Source)
	at sun.reflect.DelegatingMethodAccessorImpl.invoke(DelegatingMethodAccessorImpl.java:43)
	at java.lang.reflect.Method.invoke(Method.java:498)
	at org.apache.tools.ant.dispatch.DispatchUtils.execute(DispatchUtils.java:106)
	at org.apache.tools.ant.Task.perform(Task.java:348)
	at org.apache.tools.ant.Target.execute(Target.java:392)
	at org.apache.tools.ant.Target.performTasks(Target.java:413)
	at org.apache.tools.ant.Project.executeSortedTargets(Project.java:1399)
	at org.apache.tools.ant.Project.executeTarget(Project.java:1368)
	at org.apache.tools.ant.helper.DefaultExecutor.executeTargets(DefaultExecutor.java:41)
	at org.apache.tools.ant.Project.executeTargets(Project.java:1251)
	at org.apache.tools.ant.Main.runBuild(Main.java:811)
	at org.apache.tools.ant.Main.startAnt(Main.java:217)
	at org.apache.tools.ant.launch.Launcher.run(Launcher.java:280)
	at org.apache.tools.ant.launch.Launcher.main(Launcher.java:109)
Caused by: java.lang.reflect.InvocationTargetException
	at sun.reflect.NativeConstructorAccessorImpl.newInstance0(Native Method)
	at sun.reflect.NativeConstructorAccessorImpl.newInstance(NativeConstructorAccessorImpl.java:62)
	at sun.reflect.DelegatingConstructorAccessorImpl.newInstance(DelegatingConstructorAccessorImpl.java:45)
	at java.lang.reflect.Constructor.newInstance(Constructor.java:423)
	at org.apache.commons.crypto.utils.ReflectionUtils.newInstance(ReflectionUtils.java:82)
	... 45 more
Caused by: java.lang.UnsatisfiedLinkError: org.apache.commons.crypto.cipher.OpensslNative.initContext(II)J
	at org.apache.commons.crypto.cipher.OpensslNative.initContext(Native Method)
	at org.apache.commons.crypto.cipher.Openssl.getInstance(Openssl.java:128)
	at org.apache.commons.crypto.cipher.OpensslCipher.<init>(OpensslCipher.java:56)
	... 50 more
--- org.apache.commons.crypto.stream.CTRNoPaddingCryptoStreamTest::testSkip
java.lang.RuntimeException: java.lang.reflect.InvocationTargetException
	at org.apache.commons.crypto.utils.ReflectionUtils.newInstance(ReflectionUtils.java:84)
	at org.apache.commons.crypto.stream.AbstractCryptoStreamTest.getCipher(AbstractCryptoStreamTest.java:301)
	at org.apache.commons.crypto.stream.AbstractCryptoStreamTest.doSkipTest(AbstractCryptoStreamTest.java:107)
	at org.apache.commons.crypto.stream.AbstractCryptoStreamTest.testSkip(AbstractCryptoStreamTest.java:79)
	at sun.reflect.NativeMethodAccessorImpl.invoke0(Native Method)
	at sun.reflect.NativeMethodAccessorImpl.invoke(NativeMethodAccessorImpl.java:62)
	at sun.reflect.DelegatingMethodAccessorImpl.invoke(DelegatingMethodAccessorImpl.java:43)
	at java.lang.reflect.Method.invoke(Method.java:498)
	at org.junit.runners.model.FrameworkMethod$1.runReflectiveCall(FrameworkMethod.java:47)
	at org.junit.internal.runners.model.ReflectiveCallable.run(ReflectiveCallable.java:12)
	at org.junit.runners.model.FrameworkMethod.invokeExplosively(FrameworkMethod.java:44)
	at org.junit.internal.runners.statements.InvokeMethod.evaluate(InvokeMethod.java:17)
	at org.junit.internal.runners.statements.FailOnTimeout$StatementThread.run(FailOnTimeout.java:74)
Caused by: java.lang.reflect.InvocationTargetException
	at sun.reflect.NativeConstructorAccessorImpl.newInstance0(Native Method)
	at sun.reflect.NativeConstructorAccessorImpl.newInstance(NativeConstructorAccessorImpl.java:62)
	at sun.reflect.DelegatingConstructorAccessorImpl.newInstance(DelegatingConstructorAccessorImpl.java:45)
	at java.lang.reflect.Constructor.newInstance(Constructor.java:423)
	at org.apache.commons.crypto.utils.ReflectionUtils.newInstance(ReflectionUtils.java:82)
	... 12 more
Caused by: java.lang.UnsatisfiedLinkError: org.apache.commons.crypto.cipher.OpensslNative.initContext(II)J
	at org.apache.commons.crypto.cipher.OpensslNative.initContext(Native Method)
	at org.apache.commons.crypto.cipher.Openssl.getInstance(Openssl.java:128)
	at org.apache.commons.crypto.cipher.OpensslCipher.<init>(OpensslCipher.java:56)
	... 17 more
--- org.apache.commons.crypto.stream.CTRNoPaddingCryptoStreamTest::testReadWrite
java.lang.RuntimeException: java.lang.reflect.InvocationTargetException
	at org.apache.commons.crypto.utils.ReflectionUtils.newInstance(ReflectionUtils.java:84)
	at org.apache.commons.crypto.stream.AbstractCryptoStreamTest.getCipher(AbstractCryptoStreamTest.java:301)
	at org.apache.commons.crypto.stream.AbstractCryptoStreamTest.doReadWriteTestForInputStream(AbstractCryptoStreamTest.java:336)
	at org.apache.commons.crypto.stream.AbstractCryptoStreamTest.doReadWriteTest(AbstractCryptoStreamTest.java:329)
	at org.apache.commons.crypto.stream.AbstractCryptoStreamTest.testReadWrite(AbstractCryptoStreamTest.java:312)
	at sun.reflect.NativeMethodAccessorImpl.invoke0(Native Method)
	at sun.reflect.NativeMethodAccessorImpl.invoke(NativeMethodAccessorImpl.java:62)
	at sun.reflect.DelegatingMethodAccessorImpl.invoke(DelegatingMethodAccessorImpl.java:43)
	at java.lang.reflect.Method.invoke(Method.java:498)
	at org.junit.runners.model.FrameworkMethod$1.runReflectiveCall(FrameworkMethod.java:47)
	at org.junit.internal.runners.model.ReflectiveCallable.run(ReflectiveCallable.java:12)
	at org.junit.runners.model.FrameworkMethod.invokeExplosively(FrameworkMethod.java:44)
	at org.junit.internal.runners.statements.InvokeMethod.evaluate(InvokeMethod.java:17)
	at org.junit.internal.runners.statements.RunBefores.evaluate(RunBefores.java:26)
	at org.junit.runners.ParentRunner.runLeaf(ParentRunner.java:271)
	at org.junit.runners.BlockJUnit4ClassRunner.runChild(BlockJUnit4ClassRunner.java:70)
	at org.junit.runners.BlockJUnit4ClassRunner.runChild(BlockJUnit4ClassRunner.java:50)
	at org.junit.runners.ParentRunner$3.run(ParentRunner.java:238)
	at org.junit.runners.ParentRunner$1.schedule(ParentRunner.java:63)
	at org.junit.runners.ParentRunner.runChildren(ParentRunner.java:236)
	at org.junit.runners.ParentRunner.access$000(ParentRunner.java:53)
	at org.junit.runners.ParentRunner$2.evaluate(ParentRunner.java:229)
	at org.junit.runners.ParentRunner.run(ParentRunner.java:309)
	at junit.framework.JUnit4TestAdapter.run(JUnit4TestAdapter.java:38)
	at org.apache.tools.ant.taskdefs.optional.junit.JUnitTestRunner.run(JUnitTestRunner.java:520)
	at org.apache.tools.ant.taskdefs.optional.junit.JUnitTask.executeInVM(JUnitTask.java:1484)
	at org.apache.tools.ant.taskdefs.optional.junit.JUnitTask.execute(JUnitTask.java:872)
	at org.apache.tools.ant.taskdefs.optional.junit.JUnitTask.executeOrQueue(JUnitTask.java:1972)
	at org.apache.tools.ant.taskdefs.optional.junit.JUnitTask.execute1(JUnitTask.java:824)
	at org.apache.tools.ant.taskdefs.optional.junit.JUnitTask.execute(JUnitTask.java:2277)
	at org.apache.tools.ant.UnknownElement.execute(UnknownElement.java:291)
	at sun.reflect.GeneratedMethodAccessor4.invoke(Unknown Source)
	at sun.reflect.DelegatingMethodAccessorImpl.invoke(DelegatingMethodAccessorImpl.java:43)
	at java.lang.reflect.Method.invoke(Method.java:498)
	at org.apache.tools.ant.dispatch.DispatchUtils.execute(DispatchUtils.java:106)
	at org.apache.tools.ant.Task.perform(Task.java:348)
	at org.apache.tools.ant.Target.execute(Target.java:392)
	at org.apache.tools.ant.Target.performTasks(Target.java:413)
	at org.apache.tools.ant.Project.executeSortedTargets(Project.java:1399)
	at org.apache.tools.ant.Project.executeTarget(Project.java:1368)
	at org.apache.tools.ant.helper.DefaultExecutor.executeTargets(DefaultExecutor.java:41)
	at org.apache.tools.ant.Project.executeTargets(Project.java:1251)
	at org.apache.tools.ant.Main.runBuild(Main.java:811)
	at org.apache.tools.ant.Main.startAnt(Main.java:217)
	at org.apache.tools.ant.launch.Launcher.run(Launcher.java:280)
	at org.apache.tools.ant.launch.Launcher.main(Launcher.java:109)
Caused by: java.lang.reflect.InvocationTargetException
	at sun.reflect.NativeConstructorAccessorImpl.newInstance0(Native Method)
	at sun.reflect.NativeConstructorAccessorImpl.newInstance(NativeConstructorAccessorImpl.java:62)
	at sun.reflect.DelegatingConstructorAccessorImpl.newInstance(DelegatingConstructorAccessorImpl.java:45)
	at java.lang.reflect.Constructor.newInstance(Constructor.java:423)
	at org.apache.commons.crypto.utils.ReflectionUtils.newInstance(ReflectionUtils.java:82)
	... 45 more
Caused by: java.lang.UnsatisfiedLinkError: org.apache.commons.crypto.cipher.OpensslNative.initContext(II)J
	at org.apache.commons.crypto.cipher.OpensslNative.initContext(Native Method)
	at org.apache.commons.crypto.cipher.Openssl.getInstance(Openssl.java:128)
	at org.apache.commons.crypto.cipher.OpensslCipher.<init>(OpensslCipher.java:56)
	... 50 more
## commons-crypto: 7cefbf2a69ec133aa327f93d40dc307ee80df8b5 ##
--- org.apache.commons.crypto.stream.CBCNoPaddingCryptoStreamTest::testSkip
java.lang.RuntimeException: java.lang.reflect.InvocationTargetException
	at org.apache.commons.crypto.utils.ReflectionUtils.newInstance(ReflectionUtils.java:84)
	at org.apache.commons.crypto.stream.AbstractCryptoStreamTest.getCipher(AbstractCryptoStreamTest.java:301)
	at org.apache.commons.crypto.stream.AbstractCryptoStreamTest.doSkipTest(AbstractCryptoStreamTest.java:107)
	at org.apache.commons.crypto.stream.AbstractCryptoStreamTest.testSkip(AbstractCryptoStreamTest.java:79)
	at sun.reflect.NativeMethodAccessorImpl.invoke0(Native Method)
	at sun.reflect.NativeMethodAccessorImpl.invoke(NativeMethodAccessorImpl.java:62)
	at sun.reflect.DelegatingMethodAccessorImpl.invoke(DelegatingMethodAccessorImpl.java:43)
	at java.lang.reflect.Method.invoke(Method.java:498)
	at org.junit.runners.model.FrameworkMethod$1.runReflectiveCall(FrameworkMethod.java:47)
	at org.junit.internal.runners.model.ReflectiveCallable.run(ReflectiveCallable.java:12)
	at org.junit.runners.model.FrameworkMethod.invokeExplosively(FrameworkMethod.java:44)
	at org.junit.internal.runners.statements.InvokeMethod.evaluate(InvokeMethod.java:17)
	at org.junit.internal.runners.statements.FailOnTimeout$StatementThread.run(FailOnTimeout.java:74)
Caused by: java.lang.reflect.InvocationTargetException
	at sun.reflect.NativeConstructorAccessorImpl.newInstance0(Native Method)
	at sun.reflect.NativeConstructorAccessorImpl.newInstance(NativeConstructorAccessorImpl.java:62)
	at sun.reflect.DelegatingConstructorAccessorImpl.newInstance(DelegatingConstructorAccessorImpl.java:45)
	at java.lang.reflect.Constructor.newInstance(Constructor.java:423)
	at org.apache.commons.crypto.utils.ReflectionUtils.newInstance(ReflectionUtils.java:82)
	... 12 more
Caused by: java.lang.UnsatisfiedLinkError: org.apache.commons.crypto.cipher.OpensslNative.initContext(II)J
	at org.apache.commons.crypto.cipher.OpensslNative.initContext(Native Method)
	at org.apache.commons.crypto.cipher.Openssl.getInstance(Openssl.java:128)
	at org.apache.commons.crypto.cipher.OpensslCipher.<init>(OpensslCipher.java:56)
	... 17 more
--- org.apache.commons.crypto.stream.CBCPKCS5PaddingCryptoStreamTest::testSkip
java.lang.RuntimeException: java.lang.reflect.InvocationTargetException
	at org.apache.commons.crypto.utils.ReflectionUtils.newInstance(ReflectionUtils.java:84)
	at org.apache.commons.crypto.stream.AbstractCryptoStreamTest.getCipher(AbstractCryptoStreamTest.java:301)
	at org.apache.commons.crypto.stream.AbstractCryptoStreamTest.doSkipTest(AbstractCryptoStreamTest.java:107)
	at org.apache.commons.crypto.stream.AbstractCryptoStreamTest.testSkip(AbstractCryptoStreamTest.java:79)
	at sun.reflect.NativeMethodAccessorImpl.invoke0(Native Method)
	at sun.reflect.NativeMethodAccessorImpl.invoke(NativeMethodAccessorImpl.java:62)
	at sun.reflect.DelegatingMethodAccessorImpl.invoke(DelegatingMethodAccessorImpl.java:43)
	at java.lang.reflect.Method.invoke(Method.java:498)
	at org.junit.runners.model.FrameworkMethod$1.runReflectiveCall(FrameworkMethod.java:47)
	at org.junit.internal.runners.model.ReflectiveCallable.run(ReflectiveCallable.java:12)
	at org.junit.runners.model.FrameworkMethod.invokeExplosively(FrameworkMethod.java:44)
	at org.junit.internal.runners.statements.InvokeMethod.evaluate(InvokeMethod.java:17)
	at org.junit.internal.runners.statements.FailOnTimeout$StatementThread.run(FailOnTimeout.java:74)
Caused by: java.lang.reflect.InvocationTargetException
	at sun.reflect.NativeConstructorAccessorImpl.newInstance0(Native Method)
	at sun.reflect.NativeConstructorAccessorImpl.newInstance(NativeConstructorAccessorImpl.java:62)
	at sun.reflect.DelegatingConstructorAccessorImpl.newInstance(DelegatingConstructorAccessorImpl.java:45)
	at java.lang.reflect.Constructor.newInstance(Constructor.java:423)
	at org.apache.commons.crypto.utils.ReflectionUtils.newInstance(ReflectionUtils.java:82)
	... 12 more
Caused by: java.lang.UnsatisfiedLinkError: org.apache.commons.crypto.cipher.OpensslNative.initContext(II)J
	at org.apache.commons.crypto.cipher.OpensslNative.initContext(Native Method)
	at org.apache.commons.crypto.cipher.Openssl.getInstance(Openssl.java:128)
	at org.apache.commons.crypto.cipher.OpensslCipher.<init>(OpensslCipher.java:56)
	... 17 more
--- org.apache.commons.crypto.stream.CTRCryptoStreamTest::testSkip
java.lang.RuntimeException: java.lang.reflect.InvocationTargetException
	at org.apache.commons.crypto.utils.ReflectionUtils.newInstance(ReflectionUtils.java:84)
	at org.apache.commons.crypto.stream.AbstractCryptoStreamTest.getCipher(AbstractCryptoStreamTest.java:301)
	at org.apache.commons.crypto.stream.AbstractCryptoStreamTest.doSkipTest(AbstractCryptoStreamTest.java:107)
	at org.apache.commons.crypto.stream.AbstractCryptoStreamTest.testSkip(AbstractCryptoStreamTest.java:79)
	at sun.reflect.NativeMethodAccessorImpl.invoke0(Native Method)
	at sun.reflect.NativeMethodAccessorImpl.invoke(NativeMethodAccessorImpl.java:62)
	at sun.reflect.DelegatingMethodAccessorImpl.invoke(DelegatingMethodAccessorImpl.java:43)
	at java.lang.reflect.Method.invoke(Method.java:498)
	at org.junit.runners.model.FrameworkMethod$1.runReflectiveCall(FrameworkMethod.java:47)
	at org.junit.internal.runners.model.ReflectiveCallable.run(ReflectiveCallable.java:12)
	at org.junit.runners.model.FrameworkMethod.invokeExplosively(FrameworkMethod.java:44)
	at org.junit.internal.runners.statements.InvokeMethod.evaluate(InvokeMethod.java:17)
	at org.junit.internal.runners.statements.FailOnTimeout$StatementThread.run(FailOnTimeout.java:74)
Caused by: java.lang.reflect.InvocationTargetException
	at sun.reflect.NativeConstructorAccessorImpl.newInstance0(Native Method)
	at sun.reflect.NativeConstructorAccessorImpl.newInstance(NativeConstructorAccessorImpl.java:62)
	at sun.reflect.DelegatingConstructorAccessorImpl.newInstance(DelegatingConstructorAccessorImpl.java:45)
	at java.lang.reflect.Constructor.newInstance(Constructor.java:423)
	at org.apache.commons.crypto.utils.ReflectionUtils.newInstance(ReflectionUtils.java:82)
	... 12 more
Caused by: java.lang.UnsatisfiedLinkError: org.apache.commons.crypto.cipher.OpensslNative.initContext(II)J
	at org.apache.commons.crypto.cipher.OpensslNative.initContext(Native Method)
	at org.apache.commons.crypto.cipher.Openssl.getInstance(Openssl.java:128)
	at org.apache.commons.crypto.cipher.OpensslCipher.<init>(OpensslCipher.java:56)
	... 17 more
--- org.apache.commons.crypto.stream.CTRNoPaddingCryptoStreamTest::testSkip
java.lang.RuntimeException: java.lang.reflect.InvocationTargetException
	at org.apache.commons.crypto.utils.ReflectionUtils.newInstance(ReflectionUtils.java:84)
	at org.apache.commons.crypto.stream.AbstractCryptoStreamTest.getCipher(AbstractCryptoStreamTest.java:301)
	at org.apache.commons.crypto.stream.AbstractCryptoStreamTest.doSkipTest(AbstractCryptoStreamTest.java:107)
	at org.apache.commons.crypto.stream.AbstractCryptoStreamTest.testSkip(AbstractCryptoStreamTest.java:79)
	at sun.reflect.NativeMethodAccessorImpl.invoke0(Native Method)
	at sun.reflect.NativeMethodAccessorImpl.invoke(NativeMethodAccessorImpl.java:62)
	at sun.reflect.DelegatingMethodAccessorImpl.invoke(DelegatingMethodAccessorImpl.java:43)
	at java.lang.reflect.Method.invoke(Method.java:498)
	at org.junit.runners.model.FrameworkMethod$1.runReflectiveCall(FrameworkMethod.java:47)
	at org.junit.internal.runners.model.ReflectiveCallable.run(ReflectiveCallable.java:12)
	at org.junit.runners.model.FrameworkMethod.invokeExplosively(FrameworkMethod.java:44)
	at org.junit.internal.runners.statements.InvokeMethod.evaluate(InvokeMethod.java:17)
	at org.junit.internal.runners.statements.FailOnTimeout$StatementThread.run(FailOnTimeout.java:74)
Caused by: java.lang.reflect.InvocationTargetException
	at sun.reflect.NativeConstructorAccessorImpl.newInstance0(Native Method)
	at sun.reflect.NativeConstructorAccessorImpl.newInstance(NativeConstructorAccessorImpl.java:62)
	at sun.reflect.DelegatingConstructorAccessorImpl.newInstance(DelegatingConstructorAccessorImpl.java:45)
	at java.lang.reflect.Constructor.newInstance(Constructor.java:423)
	at org.apache.commons.crypto.utils.ReflectionUtils.newInstance(ReflectionUtils.java:82)
	... 12 more
Caused by: java.lang.UnsatisfiedLinkError: org.apache.commons.crypto.cipher.OpensslNative.initContext(II)J
	at org.apache.commons.crypto.cipher.OpensslNative.initContext(Native Method)
	at org.apache.commons.crypto.cipher.Openssl.getInstance(Openssl.java:128)
	at org.apache.commons.crypto.cipher.OpensslCipher.<init>(OpensslCipher.java:56)
	... 17 more
